{"C:\\GIT_LOCAL\\EstatesRequestSystemMobileApp\\App.js": {"path":"C:\\GIT_LOCAL\\EstatesRequestSystemMobileApp\\App.js","statementMap":{"0":{"start":{"line":15,"column":20},"end":{"line":15,"column":50}},"1":{"start":{"line":16,"column":21},"end":{"line":16,"column":52}},"2":{"start":{"line":28,"column":43},"end":{"line":28,"column":58}},"3":{"start":{"line":32,"column":40},"end":{"line":32,"column":55}},"4":{"start":{"line":34,"column":20},"end":{"line":36,"column":20}},"5":{"start":{"line":35,"column":4},"end":{"line":35,"column":36}},"6":{"start":{"line":38,"column":2},"end":{"line":48,"column":18}},"7":{"start":{"line":41,"column":4},"end":{"line":43,"column":6}},"8":{"start":{"line":42,"column":6},"end":{"line":42,"column":33}},"9":{"start":{"line":45,"column":4},"end":{"line":47,"column":6}},"10":{"start":{"line":46,"column":6},"end":{"line":46,"column":53}},"11":{"start":{"line":50,"column":2},"end":{"line":64,"column":3}},"12":{"start":{"line":52,"column":4},"end":{"line":56,"column":6}},"13":{"start":{"line":59,"column":4},"end":{"line":63,"column":6}},"14":{"start":{"line":68,"column":19},"end":{"line":75,"column":2}}},"fnMap":{"0":{"name":"App","decl":{"start":{"line":26,"column":24},"end":{"line":26,"column":27}},"loc":{"start":{"line":26,"column":30},"end":{"line":65,"column":1}},"line":26},"1":{"name":"(anonymous_1)","decl":{"start":{"line":34,"column":32},"end":{"line":34,"column":33}},"loc":{"start":{"line":34,"column":38},"end":{"line":36,"column":3}},"line":34},"2":{"name":"(anonymous_2)","decl":{"start":{"line":38,"column":12},"end":{"line":38,"column":13}},"loc":{"start":{"line":38,"column":18},"end":{"line":48,"column":3}},"line":38},"3":{"name":"(anonymous_3)","decl":{"start":{"line":41,"column":39},"end":{"line":41,"column":40}},"loc":{"start":{"line":41,"column":61},"end":{"line":43,"column":5}},"line":41},"4":{"name":"(anonymous_4)","decl":{"start":{"line":45,"column":36},"end":{"line":45,"column":37}},"loc":{"start":{"line":45,"column":50},"end":{"line":47,"column":5}},"line":45}},"branchMap":{"0":{"loc":{"start":{"line":50,"column":2},"end":{"line":64,"column":3}},"type":"if","locations":[{"start":{"line":50,"column":2},"end":{"line":64,"column":3}},{"start":{"line":57,"column":9},"end":{"line":64,"column":3}}],"line":50}},"s":{"0":0,"1":0,"2":0,"3":0,"4":0,"5":0,"6":0,"7":0,"8":0,"9":0,"10":0,"11":0,"12":0,"13":0,"14":0},"f":{"0":0,"1":0,"2":0,"3":0,"4":0},"b":{"0":[0,0]}}
,"C:\\GIT_LOCAL\\EstatesRequestSystemMobileApp\\MyAppInfo.js": {"path":"C:\\GIT_LOCAL\\EstatesRequestSystemMobileApp\\MyAppInfo.js","statementMap":{"0":{"start":{"line":3,"column":16},"end":{"line":3,"column":37}}},"fnMap":{},"branchMap":{},"s":{"0":0},"f":{},"b":{}}
,"C:\\GIT_LOCAL\\EstatesRequestSystemMobileApp\\CustomComponents\\AssignedRequestsTab.js": {"path":"C:\\GIT_LOCAL\\EstatesRequestSystemMobileApp\\CustomComponents\\AssignedRequestsTab.js","statementMap":{"0":{"start":{"line":36,"column":20},"end":{"line":36,"column":50}},"1":{"start":{"line":37,"column":21},"end":{"line":37,"column":52}},"2":{"start":{"line":40,"column":36},"end":{"line":295,"column":3}},"3":{"start":{"line":42,"column":21},"end":{"line":42,"column":39}},"4":{"start":{"line":43,"column":23},"end":{"line":43,"column":41}},"5":{"start":{"line":46,"column":18},"end":{"line":46,"column":41}},"6":{"start":{"line":47,"column":21},"end":{"line":47,"column":36}},"7":{"start":{"line":50,"column":42},"end":{"line":50,"column":57}},"8":{"start":{"line":51,"column":42},"end":{"line":51,"column":54}},"9":{"start":{"line":54,"column":38},"end":{"line":54,"column":53}},"10":{"start":{"line":55,"column":44},"end":{"line":55,"column":59}},"11":{"start":{"line":56,"column":42},"end":{"line":56,"column":54}},"12":{"start":{"line":59,"column":38},"end":{"line":59,"column":57}},"13":{"start":{"line":62,"column":44},"end":{"line":62,"column":59}},"14":{"start":{"line":63,"column":23},"end":{"line":66,"column":3}},"15":{"start":{"line":65,"column":4},"end":{"line":65,"column":36}},"16":{"start":{"line":69,"column":23},"end":{"line":104,"column":3}},"17":{"start":{"line":70,"column":4},"end":{"line":70,"column":34}},"18":{"start":{"line":72,"column":4},"end":{"line":103,"column":6}},"19":{"start":{"line":78,"column":12},"end":{"line":96,"column":14}},"20":{"start":{"line":79,"column":14},"end":{"line":95,"column":15}},"21":{"start":{"line":80,"column":18},"end":{"line":80,"column":45}},"22":{"start":{"line":81,"column":18},"end":{"line":81,"column":39}},"23":{"start":{"line":83,"column":18},"end":{"line":94,"column":19}},"24":{"start":{"line":84,"column":20},"end":{"line":93,"column":21}},"25":{"start":{"line":85,"column":22},"end":{"line":85,"column":44}},"26":{"start":{"line":86,"column":22},"end":{"line":86,"column":53}},"27":{"start":{"line":87,"column":22},"end":{"line":87,"column":43}},"28":{"start":{"line":89,"column":22},"end":{"line":89,"column":45}},"29":{"start":{"line":90,"column":22},"end":{"line":90,"column":41}},"30":{"start":{"line":91,"column":22},"end":{"line":91,"column":47}},"31":{"start":{"line":92,"column":22},"end":{"line":92,"column":42}},"32":{"start":{"line":107,"column":26},"end":{"line":121,"column":30}},"33":{"start":{"line":108,"column":4},"end":{"line":108,"column":24}},"34":{"start":{"line":109,"column":4},"end":{"line":120,"column":4}},"35":{"start":{"line":110,"column":6},"end":{"line":119,"column":7}},"36":{"start":{"line":111,"column":8},"end":{"line":111,"column":30}},"37":{"start":{"line":112,"column":8},"end":{"line":112,"column":39}},"38":{"start":{"line":113,"column":8},"end":{"line":113,"column":29}},"39":{"start":{"line":115,"column":8},"end":{"line":115,"column":31}},"40":{"start":{"line":116,"column":8},"end":{"line":116,"column":27}},"41":{"start":{"line":117,"column":8},"end":{"line":117,"column":33}},"42":{"start":{"line":118,"column":8},"end":{"line":118,"column":28}},"43":{"start":{"line":125,"column":20},"end":{"line":128,"column":38}},"44":{"start":{"line":126,"column":4},"end":{"line":126,"column":18}},"45":{"start":{"line":127,"column":4},"end":{"line":127,"column":21}},"46":{"start":{"line":131,"column":2},"end":{"line":138,"column":65}},"47":{"start":{"line":132,"column":4},"end":{"line":132,"column":21}},"48":{"start":{"line":133,"column":24},"end":{"line":136,"column":6}},"49":{"start":{"line":134,"column":6},"end":{"line":134,"column":20}},"50":{"start":{"line":135,"column":6},"end":{"line":135,"column":23}},"51":{"start":{"line":137,"column":4},"end":{"line":137,"column":23}},"52":{"start":{"line":141,"column":2},"end":{"line":294,"column":5}},"53":{"start":{"line":142,"column":4},"end":{"line":156,"column":7}},"54":{"start":{"line":159,"column":6},"end":{"line":293,"column":7}},"55":{"start":{"line":160,"column":8},"end":{"line":171,"column":9}},"56":{"start":{"line":174,"column":8},"end":{"line":292,"column":9}},"57":{"start":{"line":175,"column":10},"end":{"line":191,"column":11}},"58":{"start":{"line":194,"column":10},"end":{"line":291,"column":11}},"59":{"start":{"line":204,"column":30},"end":{"line":204,"column":68}},"60":{"start":{"line":205,"column":30},"end":{"line":205,"column":61}},"61":{"start":{"line":250,"column":102},"end":{"line":250,"column":132}},"62":{"start":{"line":255,"column":102},"end":{"line":255,"column":139}},"63":{"start":{"line":268,"column":32},"end":{"line":282,"column":52}},"64":{"start":{"line":273,"column":34},"end":{"line":273,"column":55}},"65":{"start":{"line":274,"column":34},"end":{"line":274,"column":64}},"66":{"start":{"line":297,"column":30},"end":{"line":315,"column":3}},"67":{"start":{"line":298,"column":26},"end":{"line":298,"column":45}},"68":{"start":{"line":299,"column":25},"end":{"line":299,"column":43}},"69":{"start":{"line":301,"column":4},"end":{"line":314,"column":5}},"70":{"start":{"line":318,"column":28},"end":{"line":342,"column":3}},"71":{"start":{"line":319,"column":4},"end":{"line":341,"column":5}},"72":{"start":{"line":344,"column":31},"end":{"line":357,"column":3}},"73":{"start":{"line":345,"column":22},"end":{"line":345,"column":60}},"74":{"start":{"line":346,"column":27},"end":{"line":346,"column":45}},"75":{"start":{"line":348,"column":20},"end":{"line":348,"column":99}},"76":{"start":{"line":349,"column":4},"end":{"line":355,"column":5}},"77":{"start":{"line":350,"column":6},"end":{"line":350,"column":148}},"78":{"start":{"line":351,"column":11},"end":{"line":355,"column":5}},"79":{"start":{"line":352,"column":6},"end":{"line":352,"column":148}},"80":{"start":{"line":354,"column":6},"end":{"line":354,"column":148}},"81":{"start":{"line":361,"column":4},"end":{"line":361,"column":38}},"82":{"start":{"line":365,"column":17},"end":{"line":395,"column":4}},"83":{"start":{"line":398,"column":22},"end":{"line":431,"column":4}},"84":{"start":{"line":433,"column":27},"end":{"line":497,"column":2}}},"fnMap":{"0":{"name":"(anonymous_0)","decl":{"start":{"line":40,"column":36},"end":{"line":40,"column":37}},"loc":{"start":{"line":40,"column":47},"end":{"line":295,"column":3}},"line":40},"1":{"name":"(anonymous_1)","decl":{"start":{"line":63,"column":23},"end":{"line":63,"column":24}},"loc":{"start":{"line":63,"column":29},"end":{"line":66,"column":3}},"line":63},"2":{"name":"(anonymous_2)","decl":{"start":{"line":69,"column":23},"end":{"line":69,"column":24}},"loc":{"start":{"line":69,"column":39},"end":{"line":104,"column":3}},"line":69},"3":{"name":"(anonymous_3)","decl":{"start":{"line":76,"column":19},"end":{"line":76,"column":20}},"loc":{"start":{"line":76,"column":25},"end":{"line":97,"column":11}},"line":76},"4":{"name":"(anonymous_4)","decl":{"start":{"line":78,"column":52},"end":{"line":78,"column":53}},"loc":{"start":{"line":78,"column":78},"end":{"line":96,"column":13}},"line":78},"5":{"name":"(anonymous_5)","decl":{"start":{"line":83,"column":67},"end":{"line":83,"column":68}},"loc":{"start":{"line":83,"column":93},"end":{"line":94,"column":18}},"line":83},"6":{"name":"(anonymous_6)","decl":{"start":{"line":107,"column":38},"end":{"line":107,"column":39}},"loc":{"start":{"line":107,"column":44},"end":{"line":121,"column":3}},"line":107},"7":{"name":"(anonymous_7)","decl":{"start":{"line":109,"column":53},"end":{"line":109,"column":54}},"loc":{"start":{"line":109,"column":79},"end":{"line":120,"column":3}},"line":109},"8":{"name":"(anonymous_8)","decl":{"start":{"line":125,"column":38},"end":{"line":125,"column":39}},"loc":{"start":{"line":125,"column":44},"end":{"line":128,"column":3}},"line":125},"9":{"name":"(anonymous_9)","decl":{"start":{"line":131,"column":12},"end":{"line":131,"column":13}},"loc":{"start":{"line":131,"column":18},"end":{"line":138,"column":3}},"line":131},"10":{"name":"(anonymous_10)","decl":{"start":{"line":133,"column":56},"end":{"line":133,"column":57}},"loc":{"start":{"line":133,"column":62},"end":{"line":136,"column":5}},"line":133},"11":{"name":"(anonymous_11)","decl":{"start":{"line":203,"column":44},"end":{"line":203,"column":45}},"loc":{"start":{"line":203,"column":50},"end":{"line":206,"column":29}},"line":203},"12":{"name":"(anonymous_12)","decl":{"start":{"line":250,"column":96},"end":{"line":250,"column":97}},"loc":{"start":{"line":250,"column":102},"end":{"line":250,"column":132}},"line":250},"13":{"name":"(anonymous_13)","decl":{"start":{"line":255,"column":96},"end":{"line":255,"column":97}},"loc":{"start":{"line":255,"column":102},"end":{"line":255,"column":139}},"line":255},"14":{"name":"(anonymous_14)","decl":{"start":{"line":267,"column":47},"end":{"line":267,"column":48}},"loc":{"start":{"line":268,"column":32},"end":{"line":282,"column":52}},"line":268},"15":{"name":"(anonymous_15)","decl":{"start":{"line":272,"column":41},"end":{"line":272,"column":42}},"loc":{"start":{"line":272,"column":47},"end":{"line":275,"column":33}},"line":272},"16":{"name":"(anonymous_16)","decl":{"start":{"line":297,"column":30},"end":{"line":297,"column":31}},"loc":{"start":{"line":297,"column":41},"end":{"line":315,"column":3}},"line":297},"17":{"name":"(anonymous_17)","decl":{"start":{"line":318,"column":28},"end":{"line":318,"column":29}},"loc":{"start":{"line":318,"column":39},"end":{"line":342,"column":3}},"line":318},"18":{"name":"(anonymous_18)","decl":{"start":{"line":344,"column":31},"end":{"line":344,"column":32}},"loc":{"start":{"line":344,"column":59},"end":{"line":357,"column":3}},"line":344},"19":{"name":"str_pad","decl":{"start":{"line":360,"column":11},"end":{"line":360,"column":18}},"loc":{"start":{"line":360,"column":30},"end":{"line":362,"column":3}},"line":360}},"branchMap":{"0":{"loc":{"start":{"line":79,"column":14},"end":{"line":95,"column":15}},"type":"if","locations":[{"start":{"line":79,"column":14},"end":{"line":95,"column":15}},{"start":{"line":82,"column":21},"end":{"line":95,"column":15}}],"line":79},"1":{"loc":{"start":{"line":84,"column":20},"end":{"line":93,"column":21}},"type":"if","locations":[{"start":{"line":84,"column":20},"end":{"line":93,"column":21}},{"start":{"line":88,"column":27},"end":{"line":93,"column":21}}],"line":84},"2":{"loc":{"start":{"line":110,"column":6},"end":{"line":119,"column":7}},"type":"if","locations":[{"start":{"line":110,"column":6},"end":{"line":119,"column":7}},{"start":{"line":114,"column":13},"end":{"line":119,"column":7}}],"line":110},"3":{"loc":{"start":{"line":141,"column":2},"end":{"line":294,"column":5}},"type":"if","locations":[{"start":{"line":141,"column":2},"end":{"line":294,"column":5}},{"start":{"line":157,"column":11},"end":{"line":294,"column":5}}],"line":141},"4":{"loc":{"start":{"line":159,"column":6},"end":{"line":293,"column":7}},"type":"if","locations":[{"start":{"line":159,"column":6},"end":{"line":293,"column":7}},{"start":{"line":172,"column":13},"end":{"line":293,"column":7}}],"line":159},"5":{"loc":{"start":{"line":174,"column":8},"end":{"line":292,"column":9}},"type":"if","locations":[{"start":{"line":174,"column":8},"end":{"line":292,"column":9}},{"start":{"line":192,"column":15},"end":{"line":292,"column":9}}],"line":174},"6":{"loc":{"start":{"line":248,"column":69},"end":{"line":248,"column":182}},"type":"cond-expr","locations":[{"start":{"line":248,"column":98},"end":{"line":248,"column":139}},{"start":{"line":248,"column":142},"end":{"line":248,"column":182}}],"line":248},"7":{"loc":{"start":{"line":254,"column":34},"end":{"line":257,"column":44}},"type":"binary-expr","locations":[{"start":{"line":254,"column":34},"end":{"line":254,"column":65}},{"start":{"line":255,"column":32},"end":{"line":257,"column":44}}],"line":254},"8":{"loc":{"start":{"line":307,"column":26},"end":{"line":307,"column":63}},"type":"cond-expr","locations":[{"start":{"line":307,"column":42},"end":{"line":307,"column":51}},{"start":{"line":307,"column":54},"end":{"line":307,"column":63}}],"line":307},"9":{"loc":{"start":{"line":323,"column":28},"end":{"line":323,"column":73}},"type":"cond-expr","locations":[{"start":{"line":323,"column":54},"end":{"line":323,"column":61}},{"start":{"line":323,"column":64},"end":{"line":323,"column":73}}],"line":323},"10":{"loc":{"start":{"line":349,"column":4},"end":{"line":355,"column":5}},"type":"if","locations":[{"start":{"line":349,"column":4},"end":{"line":355,"column":5}},{"start":{"line":351,"column":11},"end":{"line":355,"column":5}}],"line":349},"11":{"loc":{"start":{"line":351,"column":11},"end":{"line":355,"column":5}},"type":"if","locations":[{"start":{"line":351,"column":11},"end":{"line":355,"column":5}},{"start":{"line":353,"column":11},"end":{"line":355,"column":5}}],"line":351}},"s":{"0":0,"1":0,"2":0,"3":0,"4":0,"5":0,"6":0,"7":0,"8":0,"9":0,"10":0,"11":0,"12":0,"13":0,"14":0,"15":0,"16":0,"17":0,"18":0,"19":0,"20":0,"21":0,"22":0,"23":0,"24":0,"25":0,"26":0,"27":0,"28":0,"29":0,"30":0,"31":0,"32":0,"33":0,"34":0,"35":0,"36":0,"37":0,"38":0,"39":0,"40":0,"41":0,"42":0,"43":0,"44":0,"45":0,"46":0,"47":0,"48":0,"49":0,"50":0,"51":0,"52":0,"53":0,"54":0,"55":0,"56":0,"57":0,"58":0,"59":0,"60":0,"61":0,"62":0,"63":0,"64":0,"65":0,"66":0,"67":0,"68":0,"69":0,"70":0,"71":0,"72":0,"73":0,"74":0,"75":0,"76":0,"77":0,"78":0,"79":0,"80":0,"81":0,"82":0,"83":0,"84":0},"f":{"0":0,"1":0,"2":0,"3":0,"4":0,"5":0,"6":0,"7":0,"8":0,"9":0,"10":0,"11":0,"12":0,"13":0,"14":0,"15":0,"16":0,"17":0,"18":0,"19":0},"b":{"0":[0,0],"1":[0,0],"2":[0,0],"3":[0,0],"4":[0,0],"5":[0,0],"6":[0,0],"7":[0,0],"8":[0,0],"9":[0,0],"10":[0,0],"11":[0,0]}}
,"C:\\GIT_LOCAL\\EstatesRequestSystemMobileApp\\CustomComponents\\ConnectionTab.js": {"path":"C:\\GIT_LOCAL\\EstatesRequestSystemMobileApp\\CustomComponents\\ConnectionTab.js","statementMap":{"0":{"start":{"line":21,"column":20},"end":{"line":21,"column":50}},"1":{"start":{"line":22,"column":21},"end":{"line":22,"column":52}},"2":{"start":{"line":28,"column":31},"end":{"line":70,"column":3}},"3":{"start":{"line":30,"column":34},"end":{"line":30,"column":75}},"4":{"start":{"line":31,"column":8},"end":{"line":69,"column":9}},"5":{"start":{"line":33,"column":12},"end":{"line":51,"column":18}},"6":{"start":{"line":46,"column":39},"end":{"line":46,"column":99}},"7":{"start":{"line":53,"column":12},"end":{"line":68,"column":14}},"8":{"start":{"line":63,"column":47},"end":{"line":63,"column":107}},"9":{"start":{"line":73,"column":25},"end":{"line":107,"column":2}}},"fnMap":{"0":{"name":"(anonymous_0)","decl":{"start":{"line":28,"column":31},"end":{"line":28,"column":32}},"loc":{"start":{"line":28,"column":42},"end":{"line":70,"column":3}},"line":28},"1":{"name":"(anonymous_1)","decl":{"start":{"line":46,"column":33},"end":{"line":46,"column":34}},"loc":{"start":{"line":46,"column":39},"end":{"line":46,"column":99}},"line":46},"2":{"name":"(anonymous_2)","decl":{"start":{"line":63,"column":41},"end":{"line":63,"column":42}},"loc":{"start":{"line":63,"column":47},"end":{"line":63,"column":107}},"line":63}},"branchMap":{"0":{"loc":{"start":{"line":31,"column":8},"end":{"line":69,"column":9}},"type":"if","locations":[{"start":{"line":31,"column":8},"end":{"line":69,"column":9}},{"start":{"line":52,"column":15},"end":{"line":69,"column":9}}],"line":31}},"s":{"0":0,"1":0,"2":0,"3":0,"4":0,"5":0,"6":0,"7":0,"8":0,"9":0},"f":{"0":0,"1":0,"2":0},"b":{"0":[0,0]}}
,"C:\\GIT_LOCAL\\EstatesRequestSystemMobileApp\\CustomComponents\\MakeARequestTab.js": {"path":"C:\\GIT_LOCAL\\EstatesRequestSystemMobileApp\\CustomComponents\\MakeARequestTab.js","statementMap":{"0":{"start":{"line":27,"column":20},"end":{"line":27,"column":50}},"1":{"start":{"line":28,"column":21},"end":{"line":28,"column":52}},"2":{"start":{"line":43,"column":33},"end":{"line":323,"column":5}},"3":{"start":{"line":45,"column":21},"end":{"line":45,"column":39}},"4":{"start":{"line":46,"column":23},"end":{"line":46,"column":41}},"5":{"start":{"line":47,"column":18},"end":{"line":47,"column":41}},"6":{"start":{"line":48,"column":21},"end":{"line":48,"column":36}},"7":{"start":{"line":50,"column":46},"end":{"line":50,"column":61}},"8":{"start":{"line":54,"column":53},"end":{"line":54,"column":65}},"9":{"start":{"line":55,"column":41},"end":{"line":55,"column":53}},"10":{"start":{"line":57,"column":47},"end":{"line":57,"column":59}},"11":{"start":{"line":58,"column":49},"end":{"line":58,"column":61}},"12":{"start":{"line":60,"column":45},"end":{"line":60,"column":57}},"13":{"start":{"line":61,"column":41},"end":{"line":61,"column":53}},"14":{"start":{"line":63,"column":44},"end":{"line":63,"column":56}},"15":{"start":{"line":64,"column":42},"end":{"line":64,"column":54}},"16":{"start":{"line":66,"column":42},"end":{"line":66,"column":54}},"17":{"start":{"line":68,"column":44},"end":{"line":68,"column":59}},"18":{"start":{"line":69,"column":42},"end":{"line":69,"column":54}},"19":{"start":{"line":70,"column":38},"end":{"line":70,"column":53}},"20":{"start":{"line":73,"column":20},"end":{"line":107,"column":18}},"21":{"start":{"line":74,"column":4},"end":{"line":74,"column":24}},"22":{"start":{"line":76,"column":18},"end":{"line":76,"column":41}},"23":{"start":{"line":78,"column":4},"end":{"line":106,"column":6}},"24":{"start":{"line":79,"column":10},"end":{"line":105,"column":9}},"25":{"start":{"line":80,"column":12},"end":{"line":80,"column":34}},"26":{"start":{"line":81,"column":12},"end":{"line":81,"column":43}},"27":{"start":{"line":82,"column":12},"end":{"line":82,"column":33}},"28":{"start":{"line":84,"column":31},"end":{"line":84,"column":56}},"29":{"start":{"line":85,"column":12},"end":{"line":85,"column":41}},"30":{"start":{"line":87,"column":12},"end":{"line":104,"column":14}},"31":{"start":{"line":88,"column":14},"end":{"line":103,"column":15}},"32":{"start":{"line":89,"column":16},"end":{"line":89,"column":47}},"33":{"start":{"line":90,"column":16},"end":{"line":90,"column":38}},"34":{"start":{"line":92,"column":38},"end":{"line":92,"column":64}},"35":{"start":{"line":93,"column":35},"end":{"line":93,"column":37}},"36":{"start":{"line":94,"column":36},"end":{"line":94,"column":38}},"37":{"start":{"line":95,"column":16},"end":{"line":98,"column":17}},"38":{"start":{"line":95,"column":29},"end":{"line":95,"column":30}},"39":{"start":{"line":96,"column":18},"end":{"line":96,"column":71}},"40":{"start":{"line":97,"column":18},"end":{"line":97,"column":94}},"41":{"start":{"line":99,"column":16},"end":{"line":99,"column":45}},"42":{"start":{"line":100,"column":16},"end":{"line":100,"column":47}},"43":{"start":{"line":101,"column":16},"end":{"line":101,"column":39}},"44":{"start":{"line":102,"column":16},"end":{"line":102,"column":37}},"45":{"start":{"line":110,"column":2},"end":{"line":142,"column":33}},"46":{"start":{"line":111,"column":24},"end":{"line":140,"column":6}},"47":{"start":{"line":112,"column":20},"end":{"line":112,"column":43}},"48":{"start":{"line":113,"column":6},"end":{"line":139,"column":8}},"49":{"start":{"line":114,"column":12},"end":{"line":138,"column":11}},"50":{"start":{"line":115,"column":14},"end":{"line":115,"column":36}},"51":{"start":{"line":116,"column":14},"end":{"line":116,"column":45}},"52":{"start":{"line":118,"column":33},"end":{"line":118,"column":58}},"53":{"start":{"line":119,"column":14},"end":{"line":119,"column":43}},"54":{"start":{"line":121,"column":14},"end":{"line":137,"column":16}},"55":{"start":{"line":122,"column":16},"end":{"line":136,"column":17}},"56":{"start":{"line":123,"column":18},"end":{"line":123,"column":49}},"57":{"start":{"line":124,"column":18},"end":{"line":124,"column":40}},"58":{"start":{"line":126,"column":40},"end":{"line":126,"column":66}},"59":{"start":{"line":127,"column":37},"end":{"line":127,"column":39}},"60":{"start":{"line":128,"column":38},"end":{"line":128,"column":40}},"61":{"start":{"line":129,"column":18},"end":{"line":132,"column":19}},"62":{"start":{"line":129,"column":31},"end":{"line":129,"column":32}},"63":{"start":{"line":130,"column":20},"end":{"line":130,"column":73}},"64":{"start":{"line":131,"column":20},"end":{"line":131,"column":96}},"65":{"start":{"line":133,"column":18},"end":{"line":133,"column":47}},"66":{"start":{"line":134,"column":18},"end":{"line":134,"column":49}},"67":{"start":{"line":135,"column":18},"end":{"line":135,"column":41}},"68":{"start":{"line":141,"column":4},"end":{"line":141,"column":23}},"69":{"start":{"line":145,"column":23},"end":{"line":206,"column":5}},"70":{"start":{"line":146,"column":23},"end":{"line":146,"column":27}},"71":{"start":{"line":147,"column":6},"end":{"line":152,"column":7}},"72":{"start":{"line":148,"column":8},"end":{"line":151,"column":9}},"73":{"start":{"line":149,"column":10},"end":{"line":149,"column":85}},"74":{"start":{"line":150,"column":10},"end":{"line":150,"column":28}},"75":{"start":{"line":153,"column":6},"end":{"line":158,"column":7}},"76":{"start":{"line":154,"column":8},"end":{"line":157,"column":9}},"77":{"start":{"line":155,"column":10},"end":{"line":155,"column":84}},"78":{"start":{"line":156,"column":10},"end":{"line":156,"column":28}},"79":{"start":{"line":159,"column":6},"end":{"line":164,"column":7}},"80":{"start":{"line":160,"column":8},"end":{"line":163,"column":9}},"81":{"start":{"line":161,"column":10},"end":{"line":161,"column":88}},"82":{"start":{"line":162,"column":10},"end":{"line":162,"column":28}},"83":{"start":{"line":166,"column":6},"end":{"line":171,"column":7}},"84":{"start":{"line":167,"column":8},"end":{"line":170,"column":9}},"85":{"start":{"line":168,"column":10},"end":{"line":168,"column":82}},"86":{"start":{"line":169,"column":10},"end":{"line":169,"column":28}},"87":{"start":{"line":173,"column":6},"end":{"line":205,"column":7}},"88":{"start":{"line":174,"column":8},"end":{"line":174,"column":32}},"89":{"start":{"line":175,"column":25},"end":{"line":175,"column":51}},"90":{"start":{"line":177,"column":8},"end":{"line":204,"column":8}},"91":{"start":{"line":178,"column":10},"end":{"line":203,"column":11}},"92":{"start":{"line":179,"column":12},"end":{"line":179,"column":43}},"93":{"start":{"line":180,"column":12},"end":{"line":180,"column":34}},"94":{"start":{"line":182,"column":11},"end":{"line":182,"column":34}},"95":{"start":{"line":184,"column":12},"end":{"line":184,"column":35}},"96":{"start":{"line":185,"column":12},"end":{"line":189,"column":13}},"97":{"start":{"line":186,"column":14},"end":{"line":186,"column":57}},"98":{"start":{"line":188,"column":14},"end":{"line":188,"column":45}},"99":{"start":{"line":193,"column":12},"end":{"line":193,"column":36}},"100":{"start":{"line":194,"column":12},"end":{"line":194,"column":35}},"101":{"start":{"line":195,"column":12},"end":{"line":195,"column":37}},"102":{"start":{"line":196,"column":12},"end":{"line":196,"column":33}},"103":{"start":{"line":197,"column":12},"end":{"line":197,"column":39}},"104":{"start":{"line":198,"column":12},"end":{"line":198,"column":33}},"105":{"start":{"line":200,"column":12},"end":{"line":200,"column":26}},"106":{"start":{"line":201,"column":12},"end":{"line":201,"column":85}},"107":{"start":{"line":208,"column":4},"end":{"line":322,"column":7}},"108":{"start":{"line":209,"column":8},"end":{"line":289,"column":6}},"109":{"start":{"line":226,"column":24},"end":{"line":226,"column":58}},"110":{"start":{"line":227,"column":24},"end":{"line":227,"column":52}},"111":{"start":{"line":230,"column":24},"end":{"line":230,"column":43}},"112":{"start":{"line":233,"column":24},"end":{"line":233,"column":35}},"113":{"start":{"line":247,"column":26},"end":{"line":247,"column":59}},"114":{"start":{"line":248,"column":26},"end":{"line":248,"column":50}},"115":{"start":{"line":251,"column":26},"end":{"line":251,"column":45}},"116":{"start":{"line":254,"column":26},"end":{"line":254,"column":37}},"117":{"start":{"line":281,"column":67},"end":{"line":281,"column":103}},"118":{"start":{"line":292,"column":8},"end":{"line":321,"column":9}},"119":{"start":{"line":293,"column":10},"end":{"line":307,"column":11}},"120":{"start":{"line":309,"column":10},"end":{"line":320,"column":11}},"121":{"start":{"line":326,"column":17},"end":{"line":375,"column":4}},"122":{"start":{"line":377,"column":21},"end":{"line":418,"column":4}},"123":{"start":{"line":421,"column":34},"end":{"line":429,"column":4}}},"fnMap":{"0":{"name":"(anonymous_0)","decl":{"start":{"line":43,"column":33},"end":{"line":43,"column":34}},"loc":{"start":{"line":43,"column":44},"end":{"line":323,"column":5}},"line":43},"1":{"name":"(anonymous_1)","decl":{"start":{"line":73,"column":38},"end":{"line":73,"column":39}},"loc":{"start":{"line":73,"column":44},"end":{"line":107,"column":1}},"line":73},"2":{"name":"(anonymous_2)","decl":{"start":{"line":78,"column":28},"end":{"line":78,"column":29}},"loc":{"start":{"line":78,"column":61},"end":{"line":106,"column":5}},"line":78},"3":{"name":"(anonymous_3)","decl":{"start":{"line":87,"column":33},"end":{"line":87,"column":34}},"loc":{"start":{"line":87,"column":67},"end":{"line":104,"column":13}},"line":87},"4":{"name":"(anonymous_4)","decl":{"start":{"line":110,"column":12},"end":{"line":110,"column":13}},"loc":{"start":{"line":110,"column":18},"end":{"line":142,"column":3}},"line":110},"5":{"name":"(anonymous_5)","decl":{"start":{"line":111,"column":56},"end":{"line":111,"column":57}},"loc":{"start":{"line":111,"column":62},"end":{"line":140,"column":5}},"line":111},"6":{"name":"(anonymous_6)","decl":{"start":{"line":113,"column":30},"end":{"line":113,"column":31}},"loc":{"start":{"line":113,"column":63},"end":{"line":139,"column":7}},"line":113},"7":{"name":"(anonymous_7)","decl":{"start":{"line":121,"column":35},"end":{"line":121,"column":36}},"loc":{"start":{"line":121,"column":69},"end":{"line":137,"column":15}},"line":121},"8":{"name":"(anonymous_8)","decl":{"start":{"line":145,"column":23},"end":{"line":145,"column":24}},"loc":{"start":{"line":145,"column":53},"end":{"line":206,"column":5}},"line":145},"9":{"name":"(anonymous_9)","decl":{"start":{"line":177,"column":112},"end":{"line":177,"column":113}},"loc":{"start":{"line":177,"column":138},"end":{"line":204,"column":7}},"line":177},"10":{"name":"(anonymous_10)","decl":{"start":{"line":225,"column":32},"end":{"line":225,"column":33}},"loc":{"start":{"line":225,"column":57},"end":{"line":228,"column":23}},"line":225},"11":{"name":"(anonymous_11)","decl":{"start":{"line":229,"column":48},"end":{"line":229,"column":49}},"loc":{"start":{"line":229,"column":73},"end":{"line":231,"column":23}},"line":229},"12":{"name":"(anonymous_12)","decl":{"start":{"line":232,"column":43},"end":{"line":232,"column":44}},"loc":{"start":{"line":232,"column":60},"end":{"line":234,"column":23}},"line":232},"13":{"name":"(anonymous_13)","decl":{"start":{"line":245,"column":34},"end":{"line":245,"column":35}},"loc":{"start":{"line":245,"column":59},"end":{"line":249,"column":25}},"line":245},"14":{"name":"(anonymous_14)","decl":{"start":{"line":250,"column":50},"end":{"line":250,"column":51}},"loc":{"start":{"line":250,"column":75},"end":{"line":252,"column":25}},"line":250},"15":{"name":"(anonymous_15)","decl":{"start":{"line":253,"column":45},"end":{"line":253,"column":46}},"loc":{"start":{"line":253,"column":62},"end":{"line":255,"column":25}},"line":253},"16":{"name":"(anonymous_16)","decl":{"start":{"line":281,"column":61},"end":{"line":281,"column":62}},"loc":{"start":{"line":281,"column":67},"end":{"line":281,"column":103}},"line":281}},"branchMap":{"0":{"loc":{"start":{"line":79,"column":10},"end":{"line":105,"column":9}},"type":"if","locations":[{"start":{"line":79,"column":10},"end":{"line":105,"column":9}},{"start":{"line":83,"column":17},"end":{"line":105,"column":9}}],"line":79},"1":{"loc":{"start":{"line":88,"column":14},"end":{"line":103,"column":15}},"type":"if","locations":[{"start":{"line":88,"column":14},"end":{"line":103,"column":15}},{"start":{"line":91,"column":21},"end":{"line":103,"column":15}}],"line":88},"2":{"loc":{"start":{"line":114,"column":12},"end":{"line":138,"column":11}},"type":"if","locations":[{"start":{"line":114,"column":12},"end":{"line":138,"column":11}},{"start":{"line":117,"column":19},"end":{"line":138,"column":11}}],"line":114},"3":{"loc":{"start":{"line":122,"column":16},"end":{"line":136,"column":17}},"type":"if","locations":[{"start":{"line":122,"column":16},"end":{"line":136,"column":17}},{"start":{"line":125,"column":23},"end":{"line":136,"column":17}}],"line":122},"4":{"loc":{"start":{"line":147,"column":6},"end":{"line":152,"column":7}},"type":"if","locations":[{"start":{"line":147,"column":6},"end":{"line":152,"column":7}},{"start":{},"end":{}}],"line":147},"5":{"loc":{"start":{"line":148,"column":8},"end":{"line":151,"column":9}},"type":"if","locations":[{"start":{"line":148,"column":8},"end":{"line":151,"column":9}},{"start":{},"end":{}}],"line":148},"6":{"loc":{"start":{"line":153,"column":6},"end":{"line":158,"column":7}},"type":"if","locations":[{"start":{"line":153,"column":6},"end":{"line":158,"column":7}},{"start":{},"end":{}}],"line":153},"7":{"loc":{"start":{"line":154,"column":8},"end":{"line":157,"column":9}},"type":"if","locations":[{"start":{"line":154,"column":8},"end":{"line":157,"column":9}},{"start":{},"end":{}}],"line":154},"8":{"loc":{"start":{"line":159,"column":6},"end":{"line":164,"column":7}},"type":"if","locations":[{"start":{"line":159,"column":6},"end":{"line":164,"column":7}},{"start":{},"end":{}}],"line":159},"9":{"loc":{"start":{"line":160,"column":8},"end":{"line":163,"column":9}},"type":"if","locations":[{"start":{"line":160,"column":8},"end":{"line":163,"column":9}},{"start":{},"end":{}}],"line":160},"10":{"loc":{"start":{"line":166,"column":6},"end":{"line":171,"column":7}},"type":"if","locations":[{"start":{"line":166,"column":6},"end":{"line":171,"column":7}},{"start":{},"end":{}}],"line":166},"11":{"loc":{"start":{"line":167,"column":8},"end":{"line":170,"column":9}},"type":"if","locations":[{"start":{"line":167,"column":8},"end":{"line":170,"column":9}},{"start":{},"end":{}}],"line":167},"12":{"loc":{"start":{"line":173,"column":6},"end":{"line":205,"column":7}},"type":"if","locations":[{"start":{"line":173,"column":6},"end":{"line":205,"column":7}},{"start":{},"end":{}}],"line":173},"13":{"loc":{"start":{"line":178,"column":10},"end":{"line":203,"column":11}},"type":"if","locations":[{"start":{"line":178,"column":10},"end":{"line":203,"column":11}},{"start":{"line":183,"column":17},"end":{"line":203,"column":11}}],"line":178},"14":{"loc":{"start":{"line":185,"column":12},"end":{"line":189,"column":13}},"type":"if","locations":[{"start":{"line":185,"column":12},"end":{"line":189,"column":13}},{"start":{"line":187,"column":19},"end":{"line":189,"column":13}}],"line":185},"15":{"loc":{"start":{"line":208,"column":4},"end":{"line":322,"column":7}},"type":"if","locations":[{"start":{"line":208,"column":4},"end":{"line":322,"column":7}},{"start":{"line":290,"column":13},"end":{"line":322,"column":7}}],"line":208},"16":{"loc":{"start":{"line":292,"column":8},"end":{"line":321,"column":9}},"type":"if","locations":[{"start":{"line":292,"column":8},"end":{"line":321,"column":9}},{"start":{"line":308,"column":15},"end":{"line":321,"column":9}}],"line":292}},"s":{"0":0,"1":0,"2":0,"3":0,"4":0,"5":0,"6":0,"7":0,"8":0,"9":0,"10":0,"11":0,"12":0,"13":0,"14":0,"15":0,"16":0,"17":0,"18":0,"19":0,"20":0,"21":0,"22":0,"23":0,"24":0,"25":0,"26":0,"27":0,"28":0,"29":0,"30":0,"31":0,"32":0,"33":0,"34":0,"35":0,"36":0,"37":0,"38":0,"39":0,"40":0,"41":0,"42":0,"43":0,"44":0,"45":0,"46":0,"47":0,"48":0,"49":0,"50":0,"51":0,"52":0,"53":0,"54":0,"55":0,"56":0,"57":0,"58":0,"59":0,"60":0,"61":0,"62":0,"63":0,"64":0,"65":0,"66":0,"67":0,"68":0,"69":0,"70":0,"71":0,"72":0,"73":0,"74":0,"75":0,"76":0,"77":0,"78":0,"79":0,"80":0,"81":0,"82":0,"83":0,"84":0,"85":0,"86":0,"87":0,"88":0,"89":0,"90":0,"91":0,"92":0,"93":0,"94":0,"95":0,"96":0,"97":0,"98":0,"99":0,"100":0,"101":0,"102":0,"103":0,"104":0,"105":0,"106":0,"107":0,"108":0,"109":0,"110":0,"111":0,"112":0,"113":0,"114":0,"115":0,"116":0,"117":0,"118":0,"119":0,"120":0,"121":0,"122":0,"123":0},"f":{"0":0,"1":0,"2":0,"3":0,"4":0,"5":0,"6":0,"7":0,"8":0,"9":0,"10":0,"11":0,"12":0,"13":0,"14":0,"15":0,"16":0},"b":{"0":[0,0],"1":[0,0],"2":[0,0],"3":[0,0],"4":[0,0],"5":[0,0],"6":[0,0],"7":[0,0],"8":[0,0],"9":[0,0],"10":[0,0],"11":[0,0],"12":[0,0],"13":[0,0],"14":[0,0],"15":[0,0],"16":[0,0]}}
,"C:\\GIT_LOCAL\\EstatesRequestSystemMobileApp\\CustomComponents\\MyRequestsTab.js": {"path":"C:\\GIT_LOCAL\\EstatesRequestSystemMobileApp\\CustomComponents\\MyRequestsTab.js","statementMap":{"0":{"start":{"line":33,"column":20},"end":{"line":33,"column":50}},"1":{"start":{"line":34,"column":21},"end":{"line":34,"column":52}},"2":{"start":{"line":41,"column":31},"end":{"line":245,"column":3}},"3":{"start":{"line":42,"column":21},"end":{"line":42,"column":39}},"4":{"start":{"line":43,"column":18},"end":{"line":43,"column":41}},"5":{"start":{"line":44,"column":21},"end":{"line":44,"column":36}},"6":{"start":{"line":45,"column":24},"end":{"line":45,"column":42}},"7":{"start":{"line":48,"column":38},"end":{"line":48,"column":53}},"8":{"start":{"line":49,"column":44},"end":{"line":49,"column":59}},"9":{"start":{"line":50,"column":42},"end":{"line":50,"column":54}},"10":{"start":{"line":54,"column":38},"end":{"line":54,"column":57}},"11":{"start":{"line":57,"column":42},"end":{"line":57,"column":57}},"12":{"start":{"line":58,"column":42},"end":{"line":58,"column":54}},"13":{"start":{"line":62,"column":44},"end":{"line":62,"column":59}},"14":{"start":{"line":63,"column":23},"end":{"line":66,"column":3}},"15":{"start":{"line":65,"column":4},"end":{"line":65,"column":36}},"16":{"start":{"line":69,"column":26},"end":{"line":83,"column":29}},"17":{"start":{"line":70,"column":4},"end":{"line":70,"column":24}},"18":{"start":{"line":71,"column":8},"end":{"line":82,"column":8}},"19":{"start":{"line":72,"column":10},"end":{"line":81,"column":11}},"20":{"start":{"line":73,"column":10},"end":{"line":73,"column":32}},"21":{"start":{"line":74,"column":10},"end":{"line":74,"column":41}},"22":{"start":{"line":75,"column":10},"end":{"line":75,"column":31}},"23":{"start":{"line":77,"column":12},"end":{"line":77,"column":35}},"24":{"start":{"line":78,"column":12},"end":{"line":78,"column":31}},"25":{"start":{"line":79,"column":12},"end":{"line":79,"column":37}},"26":{"start":{"line":80,"column":12},"end":{"line":80,"column":32}},"27":{"start":{"line":87,"column":22},"end":{"line":90,"column":39}},"28":{"start":{"line":88,"column":6},"end":{"line":88,"column":20}},"29":{"start":{"line":89,"column":6},"end":{"line":89,"column":23}},"30":{"start":{"line":92,"column":4},"end":{"line":99,"column":67}},"31":{"start":{"line":93,"column":6},"end":{"line":93,"column":23}},"32":{"start":{"line":94,"column":26},"end":{"line":97,"column":8}},"33":{"start":{"line":95,"column":8},"end":{"line":95,"column":22}},"34":{"start":{"line":96,"column":8},"end":{"line":96,"column":25}},"35":{"start":{"line":98,"column":6},"end":{"line":98,"column":25}},"36":{"start":{"line":101,"column":4},"end":{"line":244,"column":5}},"37":{"start":{"line":102,"column":6},"end":{"line":116,"column":7}},"38":{"start":{"line":118,"column":4},"end":{"line":243,"column":7}},"39":{"start":{"line":119,"column":6},"end":{"line":128,"column":7}},"40":{"start":{"line":130,"column":8},"end":{"line":242,"column":9}},"41":{"start":{"line":131,"column":10},"end":{"line":147,"column":11}},"42":{"start":{"line":149,"column":10},"end":{"line":241,"column":11}},"43":{"start":{"line":158,"column":22},"end":{"line":158,"column":53}},"44":{"start":{"line":205,"column":41},"end":{"line":205,"column":71}},"45":{"start":{"line":218,"column":34},"end":{"line":234,"column":54}},"46":{"start":{"line":223,"column":40},"end":{"line":223,"column":61}},"47":{"start":{"line":224,"column":40},"end":{"line":224,"column":70}},"48":{"start":{"line":227,"column":40},"end":{"line":227,"column":70}},"49":{"start":{"line":249,"column":30},"end":{"line":267,"column":3}},"50":{"start":{"line":250,"column":26},"end":{"line":250,"column":45}},"51":{"start":{"line":251,"column":25},"end":{"line":251,"column":43}},"52":{"start":{"line":253,"column":4},"end":{"line":266,"column":5}},"53":{"start":{"line":270,"column":28},"end":{"line":300,"column":3}},"54":{"start":{"line":271,"column":16},"end":{"line":271,"column":18}},"55":{"start":{"line":272,"column":4},"end":{"line":276,"column":5}},"56":{"start":{"line":273,"column":6},"end":{"line":273,"column":23}},"57":{"start":{"line":275,"column":6},"end":{"line":275,"column":25}},"58":{"start":{"line":277,"column":4},"end":{"line":299,"column":5}},"59":{"start":{"line":303,"column":31},"end":{"line":315,"column":3}},"60":{"start":{"line":304,"column":22},"end":{"line":304,"column":60}},"61":{"start":{"line":305,"column":27},"end":{"line":305,"column":45}},"62":{"start":{"line":307,"column":20},"end":{"line":307,"column":99}},"63":{"start":{"line":308,"column":4},"end":{"line":314,"column":5}},"64":{"start":{"line":309,"column":6},"end":{"line":309,"column":148}},"65":{"start":{"line":310,"column":11},"end":{"line":314,"column":5}},"66":{"start":{"line":311,"column":6},"end":{"line":311,"column":148}},"67":{"start":{"line":313,"column":6},"end":{"line":313,"column":148}},"68":{"start":{"line":318,"column":4},"end":{"line":318,"column":38}},"69":{"start":{"line":322,"column":17},"end":{"line":345,"column":4}},"70":{"start":{"line":348,"column":27},"end":{"line":412,"column":2}},"71":{"start":{"line":414,"column":20},"end":{"line":458,"column":2}}},"fnMap":{"0":{"name":"(anonymous_0)","decl":{"start":{"line":41,"column":31},"end":{"line":41,"column":32}},"loc":{"start":{"line":41,"column":42},"end":{"line":245,"column":3}},"line":41},"1":{"name":"(anonymous_1)","decl":{"start":{"line":63,"column":23},"end":{"line":63,"column":24}},"loc":{"start":{"line":63,"column":29},"end":{"line":66,"column":3}},"line":63},"2":{"name":"(anonymous_2)","decl":{"start":{"line":69,"column":44},"end":{"line":69,"column":45}},"loc":{"start":{"line":69,"column":50},"end":{"line":83,"column":3}},"line":69},"3":{"name":"(anonymous_3)","decl":{"start":{"line":71,"column":49},"end":{"line":71,"column":50}},"loc":{"start":{"line":71,"column":75},"end":{"line":82,"column":7}},"line":71},"4":{"name":"(anonymous_4)","decl":{"start":{"line":87,"column":40},"end":{"line":87,"column":41}},"loc":{"start":{"line":87,"column":46},"end":{"line":90,"column":5}},"line":87},"5":{"name":"(anonymous_5)","decl":{"start":{"line":92,"column":14},"end":{"line":92,"column":15}},"loc":{"start":{"line":92,"column":20},"end":{"line":99,"column":5}},"line":92},"6":{"name":"(anonymous_6)","decl":{"start":{"line":94,"column":58},"end":{"line":94,"column":59}},"loc":{"start":{"line":94,"column":64},"end":{"line":97,"column":7}},"line":94},"7":{"name":"(anonymous_7)","decl":{"start":{"line":157,"column":36},"end":{"line":157,"column":37}},"loc":{"start":{"line":157,"column":42},"end":{"line":159,"column":21}},"line":157},"8":{"name":"(anonymous_8)","decl":{"start":{"line":205,"column":35},"end":{"line":205,"column":36}},"loc":{"start":{"line":205,"column":41},"end":{"line":205,"column":71}},"line":205},"9":{"name":"(anonymous_9)","decl":{"start":{"line":217,"column":49},"end":{"line":217,"column":50}},"loc":{"start":{"line":218,"column":34},"end":{"line":234,"column":54}},"line":218},"10":{"name":"(anonymous_10)","decl":{"start":{"line":222,"column":47},"end":{"line":222,"column":48}},"loc":{"start":{"line":222,"column":53},"end":{"line":225,"column":39}},"line":222},"11":{"name":"(anonymous_11)","decl":{"start":{"line":226,"column":62},"end":{"line":226,"column":63}},"loc":{"start":{"line":226,"column":68},"end":{"line":228,"column":39}},"line":226},"12":{"name":"(anonymous_12)","decl":{"start":{"line":249,"column":30},"end":{"line":249,"column":31}},"loc":{"start":{"line":249,"column":41},"end":{"line":267,"column":3}},"line":249},"13":{"name":"(anonymous_13)","decl":{"start":{"line":270,"column":28},"end":{"line":270,"column":29}},"loc":{"start":{"line":270,"column":39},"end":{"line":300,"column":3}},"line":270},"14":{"name":"(anonymous_14)","decl":{"start":{"line":303,"column":31},"end":{"line":303,"column":32}},"loc":{"start":{"line":303,"column":59},"end":{"line":315,"column":3}},"line":303},"15":{"name":"str_pad","decl":{"start":{"line":317,"column":11},"end":{"line":317,"column":18}},"loc":{"start":{"line":317,"column":30},"end":{"line":319,"column":3}},"line":317}},"branchMap":{"0":{"loc":{"start":{"line":72,"column":10},"end":{"line":81,"column":11}},"type":"if","locations":[{"start":{"line":72,"column":10},"end":{"line":81,"column":11}},{"start":{"line":76,"column":17},"end":{"line":81,"column":11}}],"line":72},"1":{"loc":{"start":{"line":101,"column":4},"end":{"line":244,"column":5}},"type":"if","locations":[{"start":{"line":101,"column":4},"end":{"line":244,"column":5}},{"start":{"line":117,"column":11},"end":{"line":244,"column":5}}],"line":101},"2":{"loc":{"start":{"line":118,"column":4},"end":{"line":243,"column":7}},"type":"if","locations":[{"start":{"line":118,"column":4},"end":{"line":243,"column":7}},{"start":{"line":129,"column":11},"end":{"line":243,"column":7}}],"line":118},"3":{"loc":{"start":{"line":130,"column":8},"end":{"line":242,"column":9}},"type":"if","locations":[{"start":{"line":130,"column":8},"end":{"line":242,"column":9}},{"start":{"line":148,"column":15},"end":{"line":242,"column":9}}],"line":130},"4":{"loc":{"start":{"line":201,"column":63},"end":{"line":201,"column":176}},"type":"cond-expr","locations":[{"start":{"line":201,"column":92},"end":{"line":201,"column":133}},{"start":{"line":201,"column":136},"end":{"line":201,"column":176}}],"line":201},"5":{"loc":{"start":{"line":259,"column":28},"end":{"line":259,"column":65}},"type":"cond-expr","locations":[{"start":{"line":259,"column":44},"end":{"line":259,"column":53}},{"start":{"line":259,"column":56},"end":{"line":259,"column":65}}],"line":259},"6":{"loc":{"start":{"line":272,"column":4},"end":{"line":276,"column":5}},"type":"if","locations":[{"start":{"line":272,"column":4},"end":{"line":276,"column":5}},{"start":{"line":274,"column":11},"end":{"line":276,"column":5}}],"line":272},"7":{"loc":{"start":{"line":281,"column":30},"end":{"line":281,"column":75}},"type":"cond-expr","locations":[{"start":{"line":281,"column":56},"end":{"line":281,"column":63}},{"start":{"line":281,"column":66},"end":{"line":281,"column":75}}],"line":281},"8":{"loc":{"start":{"line":308,"column":4},"end":{"line":314,"column":5}},"type":"if","locations":[{"start":{"line":308,"column":4},"end":{"line":314,"column":5}},{"start":{"line":310,"column":11},"end":{"line":314,"column":5}}],"line":308},"9":{"loc":{"start":{"line":310,"column":11},"end":{"line":314,"column":5}},"type":"if","locations":[{"start":{"line":310,"column":11},"end":{"line":314,"column":5}},{"start":{"line":312,"column":11},"end":{"line":314,"column":5}}],"line":310}},"s":{"0":0,"1":0,"2":0,"3":0,"4":0,"5":0,"6":0,"7":0,"8":0,"9":0,"10":0,"11":0,"12":0,"13":0,"14":0,"15":0,"16":0,"17":0,"18":0,"19":0,"20":0,"21":0,"22":0,"23":0,"24":0,"25":0,"26":0,"27":0,"28":0,"29":0,"30":0,"31":0,"32":0,"33":0,"34":0,"35":0,"36":0,"37":0,"38":0,"39":0,"40":0,"41":0,"42":0,"43":0,"44":0,"45":0,"46":0,"47":0,"48":0,"49":0,"50":0,"51":0,"52":0,"53":0,"54":0,"55":0,"56":0,"57":0,"58":0,"59":0,"60":0,"61":0,"62":0,"63":0,"64":0,"65":0,"66":0,"67":0,"68":0,"69":0,"70":0,"71":0},"f":{"0":0,"1":0,"2":0,"3":0,"4":0,"5":0,"6":0,"7":0,"8":0,"9":0,"10":0,"11":0,"12":0,"13":0,"14":0,"15":0},"b":{"0":[0,0],"1":[0,0],"2":[0,0],"3":[0,0],"4":[0,0],"5":[0,0],"6":[0,0],"7":[0,0],"8":[0,0],"9":[0,0]}}
,"C:\\GIT_LOCAL\\EstatesRequestSystemMobileApp\\CustomComponents\\SettingsTab.js": {"path":"C:\\GIT_LOCAL\\EstatesRequestSystemMobileApp\\CustomComponents\\SettingsTab.js","statementMap":{"0":{"start":{"line":22,"column":20},"end":{"line":22,"column":50}},"1":{"start":{"line":23,"column":21},"end":{"line":23,"column":52}},"2":{"start":{"line":30,"column":29},"end":{"line":116,"column":1}},"3":{"start":{"line":31,"column":16},"end":{"line":31,"column":45}},"4":{"start":{"line":32,"column":25},"end":{"line":32,"column":27}},"5":{"start":{"line":33,"column":4},"end":{"line":43,"column":5}},"6":{"start":{"line":34,"column":8},"end":{"line":38,"column":9}},"7":{"start":{"line":35,"column":12},"end":{"line":35,"column":43}},"8":{"start":{"line":37,"column":12},"end":{"line":37,"column":32}},"9":{"start":{"line":42,"column":8},"end":{"line":42,"column":30}},"10":{"start":{"line":45,"column":8},"end":{"line":114,"column":6}},"11":{"start":{"line":94,"column":47},"end":{"line":94,"column":107}},"12":{"start":{"line":104,"column":88},"end":{"line":104,"column":145}},"13":{"start":{"line":107,"column":88},"end":{"line":107,"column":145}},"14":{"start":{"line":119,"column":23},"end":{"line":127,"column":1}},"15":{"start":{"line":120,"column":4},"end":{"line":125,"column":7}},"16":{"start":{"line":126,"column":4},"end":{"line":126,"column":15}},"17":{"start":{"line":130,"column":25},"end":{"line":201,"column":2}}},"fnMap":{"0":{"name":"(anonymous_0)","decl":{"start":{"line":30,"column":29},"end":{"line":30,"column":30}},"loc":{"start":{"line":30,"column":40},"end":{"line":116,"column":1}},"line":30},"1":{"name":"(anonymous_1)","decl":{"start":{"line":94,"column":41},"end":{"line":94,"column":42}},"loc":{"start":{"line":94,"column":47},"end":{"line":94,"column":107}},"line":94},"2":{"name":"(anonymous_2)","decl":{"start":{"line":104,"column":82},"end":{"line":104,"column":83}},"loc":{"start":{"line":104,"column":88},"end":{"line":104,"column":145}},"line":104},"3":{"name":"(anonymous_3)","decl":{"start":{"line":107,"column":82},"end":{"line":107,"column":83}},"loc":{"start":{"line":107,"column":88},"end":{"line":107,"column":145}},"line":107},"4":{"name":"(anonymous_4)","decl":{"start":{"line":119,"column":23},"end":{"line":119,"column":24}},"loc":{"start":{"line":119,"column":61},"end":{"line":127,"column":1}},"line":119}},"branchMap":{"0":{"loc":{"start":{"line":33,"column":4},"end":{"line":43,"column":5}},"type":"if","locations":[{"start":{"line":33,"column":4},"end":{"line":43,"column":5}},{"start":{"line":41,"column":11},"end":{"line":43,"column":5}}],"line":33},"1":{"loc":{"start":{"line":34,"column":8},"end":{"line":38,"column":9}},"type":"if","locations":[{"start":{"line":34,"column":8},"end":{"line":38,"column":9}},{"start":{"line":36,"column":15},"end":{"line":38,"column":9}}],"line":34}},"s":{"0":0,"1":0,"2":0,"3":0,"4":0,"5":0,"6":0,"7":0,"8":0,"9":0,"10":0,"11":0,"12":0,"13":0,"14":0,"15":0,"16":0,"17":0},"f":{"0":0,"1":0,"2":0,"3":0,"4":0},"b":{"0":[0,0],"1":[0,0]}}
,"C:\\GIT_LOCAL\\EstatesRequestSystemMobileApp\\CustomComponents\\TabNavigator.js": {"path":"C:\\GIT_LOCAL\\EstatesRequestSystemMobileApp\\CustomComponents\\TabNavigator.js","statementMap":{"0":{"start":{"line":3,"column":12},"end":{"line":3,"column":38}},"1":{"start":{"line":20,"column":36},"end":{"line":136,"column":3}},"2":{"start":{"line":23,"column":23},"end":{"line":23,"column":41}},"3":{"start":{"line":24,"column":20},"end":{"line":24,"column":35}},"4":{"start":{"line":25,"column":20},"end":{"line":25,"column":43}},"5":{"start":{"line":27,"column":47},"end":{"line":27,"column":58}},"6":{"start":{"line":28,"column":64},"end":{"line":28,"column":75}},"7":{"start":{"line":32,"column":31},"end":{"line":43,"column":17}},"8":{"start":{"line":33,"column":6},"end":{"line":42,"column":8}},"9":{"start":{"line":34,"column":8},"end":{"line":41,"column":12}},"10":{"start":{"line":35,"column":12},"end":{"line":40,"column":13}},"11":{"start":{"line":36,"column":14},"end":{"line":36,"column":30}},"12":{"start":{"line":38,"column":14},"end":{"line":38,"column":54}},"13":{"start":{"line":39,"column":14},"end":{"line":39,"column":70}},"14":{"start":{"line":46,"column":22},"end":{"line":46,"column":27}},"15":{"start":{"line":48,"column":4},"end":{"line":56,"column":29}},"16":{"start":{"line":50,"column":7},"end":{"line":50,"column":27}},"17":{"start":{"line":51,"column":24},"end":{"line":54,"column":19}},"18":{"start":{"line":53,"column":8},"end":{"line":53,"column":28}},"19":{"start":{"line":55,"column":6},"end":{"line":55,"column":43}},"20":{"start":{"line":55,"column":19},"end":{"line":55,"column":42}},"21":{"start":{"line":59,"column":4},"end":{"line":135,"column":5}},"22":{"start":{"line":62,"column":44},"end":{"line":64,"column":13}},"23":{"start":{"line":63,"column":26},"end":{"line":63,"column":69}},"24":{"start":{"line":65,"column":43},"end":{"line":97,"column":13}},"25":{"start":{"line":68,"column":16},"end":{"line":92,"column":17}},"26":{"start":{"line":69,"column":16},"end":{"line":71,"column":44}},"27":{"start":{"line":72,"column":23},"end":{"line":92,"column":17}},"28":{"start":{"line":73,"column":16},"end":{"line":75,"column":47}},"29":{"start":{"line":76,"column":23},"end":{"line":92,"column":17}},"30":{"start":{"line":77,"column":18},"end":{"line":79,"column":44}},"31":{"start":{"line":80,"column":23},"end":{"line":92,"column":17}},"32":{"start":{"line":81,"column":16},"end":{"line":83,"column":48}},"33":{"start":{"line":84,"column":23},"end":{"line":92,"column":17}},"34":{"start":{"line":85,"column":18},"end":{"line":87,"column":47}},"35":{"start":{"line":89,"column":18},"end":{"line":91,"column":39}},"36":{"start":{"line":93,"column":16},"end":{"line":93,"column":78}},"37":{"start":{"line":105,"column":32},"end":{"line":105,"column":108}},"38":{"start":{"line":114,"column":28},"end":{"line":114,"column":106}},"39":{"start":{"line":120,"column":32},"end":{"line":120,"column":114}},"40":{"start":{"line":126,"column":28},"end":{"line":126,"column":104}},"41":{"start":{"line":130,"column":30},"end":{"line":130,"column":104}},"42":{"start":{"line":138,"column":39},"end":{"line":142,"column":3}},"43":{"start":{"line":139,"column":4},"end":{"line":141,"column":7}},"44":{"start":{"line":144,"column":39},"end":{"line":148,"column":3}},"45":{"start":{"line":145,"column":4},"end":{"line":147,"column":7}},"46":{"start":{"line":150,"column":41},"end":{"line":154,"column":3}},"47":{"start":{"line":151,"column":4},"end":{"line":153,"column":5}},"48":{"start":{"line":156,"column":37},"end":{"line":160,"column":3}},"49":{"start":{"line":157,"column":4},"end":{"line":159,"column":5}},"50":{"start":{"line":162,"column":45},"end":{"line":166,"column":3}},"51":{"start":{"line":163,"column":4},"end":{"line":165,"column":5}}},"fnMap":{"0":{"name":"(anonymous_0)","decl":{"start":{"line":20,"column":36},"end":{"line":20,"column":37}},"loc":{"start":{"line":20,"column":47},"end":{"line":136,"column":3}},"line":20},"1":{"name":"(anonymous_1)","decl":{"start":{"line":32,"column":49},"end":{"line":32,"column":50}},"loc":{"start":{"line":32,"column":55},"end":{"line":43,"column":5}},"line":32},"2":{"name":"(anonymous_2)","decl":{"start":{"line":34,"column":43},"end":{"line":34,"column":44}},"loc":{"start":{"line":34,"column":69},"end":{"line":41,"column":11}},"line":34},"3":{"name":"(anonymous_3)","decl":{"start":{"line":48,"column":14},"end":{"line":48,"column":15}},"loc":{"start":{"line":48,"column":20},"end":{"line":56,"column":5}},"line":48},"4":{"name":"(anonymous_4)","decl":{"start":{"line":51,"column":36},"end":{"line":51,"column":37}},"loc":{"start":{"line":51,"column":42},"end":{"line":54,"column":7}},"line":51},"5":{"name":"(anonymous_5)","decl":{"start":{"line":55,"column":13},"end":{"line":55,"column":14}},"loc":{"start":{"line":55,"column":19},"end":{"line":55,"column":42}},"line":55},"6":{"name":"(anonymous_6)","decl":{"start":{"line":62,"column":23},"end":{"line":62,"column":24}},"loc":{"start":{"line":62,"column":44},"end":{"line":64,"column":13}},"line":62},"7":{"name":"(anonymous_7)","decl":{"start":{"line":63,"column":20},"end":{"line":63,"column":21}},"loc":{"start":{"line":63,"column":26},"end":{"line":63,"column":69}},"line":63},"8":{"name":"(anonymous_8)","decl":{"start":{"line":65,"column":27},"end":{"line":65,"column":28}},"loc":{"start":{"line":65,"column":43},"end":{"line":97,"column":13}},"line":65},"9":{"name":"(anonymous_9)","decl":{"start":{"line":66,"column":24},"end":{"line":66,"column":25}},"loc":{"start":{"line":66,"column":54},"end":{"line":94,"column":13}},"line":66},"10":{"name":"(anonymous_10)","decl":{"start":{"line":105,"column":28},"end":{"line":105,"column":29}},"loc":{"start":{"line":105,"column":32},"end":{"line":105,"column":108}},"line":105},"11":{"name":"(anonymous_11)","decl":{"start":{"line":114,"column":24},"end":{"line":114,"column":25}},"loc":{"start":{"line":114,"column":28},"end":{"line":114,"column":106}},"line":114},"12":{"name":"(anonymous_12)","decl":{"start":{"line":120,"column":28},"end":{"line":120,"column":29}},"loc":{"start":{"line":120,"column":32},"end":{"line":120,"column":114}},"line":120},"13":{"name":"(anonymous_13)","decl":{"start":{"line":126,"column":24},"end":{"line":126,"column":25}},"loc":{"start":{"line":126,"column":28},"end":{"line":126,"column":104}},"line":126},"14":{"name":"(anonymous_14)","decl":{"start":{"line":130,"column":26},"end":{"line":130,"column":27}},"loc":{"start":{"line":130,"column":30},"end":{"line":130,"column":104}},"line":130},"15":{"name":"(anonymous_15)","decl":{"start":{"line":138,"column":39},"end":{"line":138,"column":40}},"loc":{"start":{"line":138,"column":50},"end":{"line":142,"column":3}},"line":138},"16":{"name":"(anonymous_16)","decl":{"start":{"line":144,"column":39},"end":{"line":144,"column":40}},"loc":{"start":{"line":144,"column":50},"end":{"line":148,"column":3}},"line":144},"17":{"name":"(anonymous_17)","decl":{"start":{"line":150,"column":41},"end":{"line":150,"column":42}},"loc":{"start":{"line":150,"column":53},"end":{"line":154,"column":3}},"line":150},"18":{"name":"(anonymous_18)","decl":{"start":{"line":156,"column":37},"end":{"line":156,"column":38}},"loc":{"start":{"line":156,"column":49},"end":{"line":160,"column":3}},"line":156},"19":{"name":"(anonymous_19)","decl":{"start":{"line":162,"column":45},"end":{"line":162,"column":46}},"loc":{"start":{"line":162,"column":57},"end":{"line":166,"column":3}},"line":162}},"branchMap":{"0":{"loc":{"start":{"line":33,"column":6},"end":{"line":42,"column":8}},"type":"if","locations":[{"start":{"line":33,"column":6},"end":{"line":42,"column":8}},{"start":{},"end":{}}],"line":33},"1":{"loc":{"start":{"line":35,"column":12},"end":{"line":40,"column":13}},"type":"if","locations":[{"start":{"line":35,"column":12},"end":{"line":40,"column":13}},{"start":{"line":37,"column":19},"end":{"line":40,"column":13}}],"line":35},"2":{"loc":{"start":{"line":68,"column":16},"end":{"line":92,"column":17}},"type":"if","locations":[{"start":{"line":68,"column":16},"end":{"line":92,"column":17}},{"start":{"line":72,"column":23},"end":{"line":92,"column":17}}],"line":68},"3":{"loc":{"start":{"line":69,"column":27},"end":{"line":71,"column":43}},"type":"cond-expr","locations":[{"start":{"line":70,"column":22},"end":{"line":70,"column":35}},{"start":{"line":71,"column":22},"end":{"line":71,"column":43}}],"line":69},"4":{"loc":{"start":{"line":72,"column":23},"end":{"line":92,"column":17}},"type":"if","locations":[{"start":{"line":72,"column":23},"end":{"line":92,"column":17}},{"start":{"line":76,"column":23},"end":{"line":92,"column":17}}],"line":72},"5":{"loc":{"start":{"line":73,"column":27},"end":{"line":75,"column":46}},"type":"cond-expr","locations":[{"start":{"line":74,"column":22},"end":{"line":74,"column":38}},{"start":{"line":75,"column":22},"end":{"line":75,"column":46}}],"line":73},"6":{"loc":{"start":{"line":76,"column":23},"end":{"line":92,"column":17}},"type":"if","locations":[{"start":{"line":76,"column":23},"end":{"line":92,"column":17}},{"start":{"line":80,"column":23},"end":{"line":92,"column":17}}],"line":76},"7":{"loc":{"start":{"line":77,"column":29},"end":{"line":79,"column":43}},"type":"cond-expr","locations":[{"start":{"line":78,"column":24},"end":{"line":78,"column":35}},{"start":{"line":79,"column":24},"end":{"line":79,"column":43}}],"line":77},"8":{"loc":{"start":{"line":80,"column":23},"end":{"line":92,"column":17}},"type":"if","locations":[{"start":{"line":80,"column":23},"end":{"line":92,"column":17}},{"start":{"line":84,"column":23},"end":{"line":92,"column":17}}],"line":80},"9":{"loc":{"start":{"line":81,"column":27},"end":{"line":83,"column":47}},"type":"cond-expr","locations":[{"start":{"line":82,"column":22},"end":{"line":82,"column":39}},{"start":{"line":83,"column":22},"end":{"line":83,"column":47}}],"line":81},"10":{"loc":{"start":{"line":84,"column":23},"end":{"line":92,"column":17}},"type":"if","locations":[{"start":{"line":84,"column":23},"end":{"line":92,"column":17}},{"start":{"line":88,"column":23},"end":{"line":92,"column":17}}],"line":84},"11":{"loc":{"start":{"line":85,"column":29},"end":{"line":87,"column":46}},"type":"cond-expr","locations":[{"start":{"line":86,"column":24},"end":{"line":86,"column":38}},{"start":{"line":87,"column":24},"end":{"line":87,"column":46}}],"line":85},"12":{"loc":{"start":{"line":89,"column":29},"end":{"line":91,"column":38}},"type":"cond-expr","locations":[{"start":{"line":90,"column":20},"end":{"line":90,"column":30}},{"start":{"line":91,"column":20},"end":{"line":91,"column":38}}],"line":89},"13":{"loc":{"start":{"line":101,"column":9},"end":{"line":133,"column":13}},"type":"cond-expr","locations":[{"start":{"line":102,"column":11},"end":{"line":108,"column":17}},{"start":{"line":110,"column":12},"end":{"line":132,"column":15}}],"line":101},"14":{"loc":{"start":{"line":116,"column":13},"end":{"line":121,"column":18}},"type":"binary-expr","locations":[{"start":{"line":116,"column":13},"end":{"line":116,"column":39}},{"start":{"line":117,"column":16},"end":{"line":121,"column":18}}],"line":116}},"s":{"0":0,"1":0,"2":0,"3":0,"4":0,"5":0,"6":0,"7":0,"8":0,"9":0,"10":0,"11":0,"12":0,"13":0,"14":0,"15":0,"16":0,"17":0,"18":0,"19":0,"20":0,"21":0,"22":0,"23":0,"24":0,"25":0,"26":0,"27":0,"28":0,"29":0,"30":0,"31":0,"32":0,"33":0,"34":0,"35":0,"36":0,"37":0,"38":0,"39":0,"40":0,"41":0,"42":0,"43":0,"44":0,"45":0,"46":0,"47":0,"48":0,"49":0,"50":0,"51":0},"f":{"0":0,"1":0,"2":0,"3":0,"4":0,"5":0,"6":0,"7":0,"8":0,"9":0,"10":0,"11":0,"12":0,"13":0,"14":0,"15":0,"16":0,"17":0,"18":0,"19":0},"b":{"0":[0,0],"1":[0,0],"2":[0,0],"3":[0,0],"4":[0,0],"5":[0,0],"6":[0,0],"7":[0,0],"8":[0,0],"9":[0,0],"10":[0,0],"11":[0,0],"12":[0,0],"13":[0,0],"14":[0,0]}}
,"C:\\GIT_LOCAL\\EstatesRequestSystemMobileApp\\CustomLogic\\appInfoStore.js": {"path":"C:\\GIT_LOCAL\\EstatesRequestSystemMobileApp\\CustomLogic\\appInfoStore.js","statementMap":{"0":{"start":{"line":11,"column":20},"end":{"line":11,"column":22}},"1":{"start":{"line":12,"column":2},"end":{"line":60,"column":3}},"2":{"start":{"line":14,"column":10},"end":{"line":33,"column":11}},"3":{"start":{"line":15,"column":14},"end":{"line":23,"column":15}},"4":{"start":{"line":25,"column":14},"end":{"line":32,"column":15}},"5":{"start":{"line":35,"column":10},"end":{"line":35,"column":50}},"6":{"start":{"line":36,"column":10},"end":{"line":36,"column":27}},"7":{"start":{"line":38,"column":10},"end":{"line":44,"column":11}},"8":{"start":{"line":45,"column":10},"end":{"line":45,"column":50}},"9":{"start":{"line":46,"column":10},"end":{"line":46,"column":27}},"10":{"start":{"line":48,"column":10},"end":{"line":48,"column":36}},"11":{"start":{"line":49,"column":10},"end":{"line":49,"column":50}},"12":{"start":{"line":50,"column":10},"end":{"line":50,"column":27}},"13":{"start":{"line":52,"column":10},"end":{"line":55,"column":11}},"14":{"start":{"line":56,"column":10},"end":{"line":56,"column":50}},"15":{"start":{"line":57,"column":10},"end":{"line":57,"column":27}},"16":{"start":{"line":59,"column":10},"end":{"line":59,"column":22}}},"fnMap":{"0":{"name":"appInfo","decl":{"start":{"line":10,"column":9},"end":{"line":10,"column":16}},"loc":{"start":{"line":10,"column":49},"end":{"line":61,"column":1}},"line":10}},"branchMap":{"0":{"loc":{"start":{"line":10,"column":17},"end":{"line":10,"column":39}},"type":"default-arg","locations":[{"start":{"line":10,"column":25},"end":{"line":10,"column":39}}],"line":10},"1":{"loc":{"start":{"line":12,"column":2},"end":{"line":60,"column":3}},"type":"switch","locations":[{"start":{"line":13,"column":6},"end":{"line":36,"column":27}},{"start":{"line":37,"column":6},"end":{"line":46,"column":27}},{"start":{"line":47,"column":6},"end":{"line":50,"column":27}},{"start":{"line":51,"column":6},"end":{"line":57,"column":27}},{"start":{"line":58,"column":6},"end":{"line":59,"column":22}}],"line":12},"2":{"loc":{"start":{"line":14,"column":10},"end":{"line":33,"column":11}},"type":"if","locations":[{"start":{"line":14,"column":10},"end":{"line":33,"column":11}},{"start":{"line":24,"column":17},"end":{"line":33,"column":11}}],"line":14}},"s":{"0":0,"1":0,"2":0,"3":0,"4":0,"5":0,"6":0,"7":0,"8":0,"9":0,"10":0,"11":0,"12":0,"13":0,"14":0,"15":0,"16":0},"f":{"0":0},"b":{"0":[0],"1":[0,0,0,0,0],"2":[0,0]}}
,"C:\\GIT_LOCAL\\EstatesRequestSystemMobileApp\\CustomLogic\\auth_api.js": {"path":"C:\\GIT_LOCAL\\EstatesRequestSystemMobileApp\\CustomLogic\\auth_api.js","statementMap":{"0":{"start":{"line":23,"column":30},"end":{"line":87,"column":1}},"1":{"start":{"line":25,"column":2},"end":{"line":86,"column":5}},"2":{"start":{"line":27,"column":19},"end":{"line":27,"column":30}},"3":{"start":{"line":29,"column":20},"end":{"line":29,"column":131}},"4":{"start":{"line":32,"column":4},"end":{"line":85,"column":5}},"5":{"start":{"line":34,"column":6},"end":{"line":34,"column":67}},"6":{"start":{"line":36,"column":26},"end":{"line":36,"column":52}},"7":{"start":{"line":37,"column":6},"end":{"line":46,"column":9}},"8":{"start":{"line":48,"column":6},"end":{"line":48,"column":17}},"9":{"start":{"line":51,"column":6},"end":{"line":53,"column":7}},"10":{"start":{"line":52,"column":8},"end":{"line":52,"column":69}},"11":{"start":{"line":55,"column":6},"end":{"line":84,"column":7}},"12":{"start":{"line":61,"column":28},"end":{"line":61,"column":75}},"13":{"start":{"line":64,"column":28},"end":{"line":64,"column":54}},"14":{"start":{"line":65,"column":8},"end":{"line":65,"column":68}},"15":{"start":{"line":66,"column":8},"end":{"line":75,"column":11}},"16":{"start":{"line":76,"column":8},"end":{"line":76,"column":19}},"17":{"start":{"line":78,"column":28},"end":{"line":78,"column":75}},"18":{"start":{"line":79,"column":8},"end":{"line":83,"column":9}},"19":{"start":{"line":80,"column":10},"end":{"line":80,"column":38}},"20":{"start":{"line":82,"column":10},"end":{"line":82,"column":72}},"21":{"start":{"line":90,"column":33},"end":{"line":139,"column":1}},"22":{"start":{"line":91,"column":14},"end":{"line":91,"column":22}},"23":{"start":{"line":92,"column":2},"end":{"line":138,"column":7}},"24":{"start":{"line":93,"column":4},"end":{"line":137,"column":9}},"25":{"start":{"line":95,"column":20},"end":{"line":95,"column":44}},"26":{"start":{"line":96,"column":17},"end":{"line":96,"column":19}},"27":{"start":{"line":98,"column":12},"end":{"line":100,"column":13}},"28":{"start":{"line":99,"column":16},"end":{"line":99,"column":44}},"29":{"start":{"line":102,"column":24},"end":{"line":102,"column":47}},"30":{"start":{"line":103,"column":30},"end":{"line":103,"column":136}},"31":{"start":{"line":104,"column":8},"end":{"line":136,"column":13}},"32":{"start":{"line":113,"column":30},"end":{"line":113,"column":45}},"33":{"start":{"line":115,"column":12},"end":{"line":115,"column":29}},"34":{"start":{"line":116,"column":31},"end":{"line":116,"column":48}},"35":{"start":{"line":118,"column":12},"end":{"line":131,"column":13}},"36":{"start":{"line":119,"column":14},"end":{"line":119,"column":97}},"37":{"start":{"line":121,"column":31},"end":{"line":121,"column":43}},"38":{"start":{"line":122,"column":14},"end":{"line":130,"column":17}},"39":{"start":{"line":132,"column":12},"end":{"line":132,"column":23}},"40":{"start":{"line":135,"column":12},"end":{"line":135,"column":33}},"41":{"start":{"line":144,"column":27},"end":{"line":144,"column":45}},"42":{"start":{"line":147,"column":2},"end":{"line":206,"column":5}},"43":{"start":{"line":148,"column":24},"end":{"line":148,"column":47}},"44":{"start":{"line":149,"column":30},"end":{"line":149,"column":51}},"45":{"start":{"line":150,"column":32},"end":{"line":150,"column":71}},"46":{"start":{"line":151,"column":33},"end":{"line":151,"column":57}},"47":{"start":{"line":152,"column":33},"end":{"line":152,"column":57}},"48":{"start":{"line":153,"column":34},"end":{"line":153,"column":59}},"49":{"start":{"line":154,"column":34},"end":{"line":154,"column":60}},"50":{"start":{"line":156,"column":26},"end":{"line":156,"column":40}},"51":{"start":{"line":157,"column":32},"end":{"line":157,"column":55}},"52":{"start":{"line":158,"column":34},"end":{"line":158,"column":75}},"53":{"start":{"line":159,"column":35},"end":{"line":159,"column":61}},"54":{"start":{"line":160,"column":35},"end":{"line":160,"column":61}},"55":{"start":{"line":161,"column":36},"end":{"line":161,"column":63}},"56":{"start":{"line":162,"column":36},"end":{"line":162,"column":64}},"57":{"start":{"line":164,"column":24},"end":{"line":164,"column":29}},"58":{"start":{"line":165,"column":6},"end":{"line":167,"column":7}},"59":{"start":{"line":166,"column":8},"end":{"line":166,"column":26}},"60":{"start":{"line":169,"column":6},"end":{"line":171,"column":7}},"61":{"start":{"line":170,"column":8},"end":{"line":170,"column":26}},"62":{"start":{"line":173,"column":6},"end":{"line":175,"column":7}},"63":{"start":{"line":174,"column":8},"end":{"line":174,"column":26}},"64":{"start":{"line":177,"column":4},"end":{"line":191,"column":5}},"65":{"start":{"line":178,"column":6},"end":{"line":181,"column":9}},"66":{"start":{"line":182,"column":6},"end":{"line":182,"column":20}},"67":{"start":{"line":184,"column":6},"end":{"line":184,"column":20}},"68":{"start":{"line":194,"column":4},"end":{"line":204,"column":7}},"69":{"start":{"line":195,"column":8},"end":{"line":198,"column":11}},"70":{"start":{"line":200,"column":8},"end":{"line":203,"column":11}},"71":{"start":{"line":205,"column":4},"end":{"line":205,"column":18}}},"fnMap":{"0":{"name":"(anonymous_0)","decl":{"start":{"line":23,"column":30},"end":{"line":23,"column":31}},"loc":{"start":{"line":23,"column":68},"end":{"line":87,"column":1}},"line":23},"1":{"name":"(anonymous_1)","decl":{"start":{"line":25,"column":31},"end":{"line":25,"column":32}},"loc":{"start":{"line":25,"column":52},"end":{"line":86,"column":3}},"line":25},"2":{"name":"(anonymous_2)","decl":{"start":{"line":90,"column":33},"end":{"line":90,"column":34}},"loc":{"start":{"line":90,"column":68},"end":{"line":139,"column":1}},"line":90},"3":{"name":"(anonymous_3)","decl":{"start":{"line":113,"column":16},"end":{"line":113,"column":17}},"loc":{"start":{"line":113,"column":30},"end":{"line":113,"column":45}},"line":113},"4":{"name":"(anonymous_4)","decl":{"start":{"line":114,"column":16},"end":{"line":114,"column":17}},"loc":{"start":{"line":114,"column":26},"end":{"line":133,"column":11}},"line":114},"5":{"name":"(anonymous_5)","decl":{"start":{"line":134,"column":17},"end":{"line":134,"column":18}},"loc":{"start":{"line":134,"column":28},"end":{"line":136,"column":11}},"line":134},"6":{"name":"processAuthAtStartUp","decl":{"start":{"line":142,"column":22},"end":{"line":142,"column":42}},"loc":{"start":{"line":142,"column":67},"end":{"line":207,"column":1}},"line":142}},"branchMap":{"0":{"loc":{"start":{"line":32,"column":4},"end":{"line":85,"column":5}},"type":"if","locations":[{"start":{"line":32,"column":4},"end":{"line":85,"column":5}},{"start":{"line":49,"column":11},"end":{"line":85,"column":5}}],"line":32},"1":{"loc":{"start":{"line":51,"column":6},"end":{"line":53,"column":7}},"type":"if","locations":[{"start":{"line":51,"column":6},"end":{"line":53,"column":7}},{"start":{},"end":{}}],"line":51},"2":{"loc":{"start":{"line":55,"column":6},"end":{"line":84,"column":7}},"type":"if","locations":[{"start":{"line":55,"column":6},"end":{"line":84,"column":7}},{"start":{"line":77,"column":13},"end":{"line":84,"column":7}}],"line":55},"3":{"loc":{"start":{"line":79,"column":8},"end":{"line":83,"column":9}},"type":"if","locations":[{"start":{"line":79,"column":8},"end":{"line":83,"column":9}},{"start":{"line":81,"column":15},"end":{"line":83,"column":9}}],"line":79},"4":{"loc":{"start":{"line":92,"column":2},"end":{"line":138,"column":7}},"type":"if","locations":[{"start":{"line":92,"column":2},"end":{"line":138,"column":7}},{"start":{},"end":{}}],"line":92},"5":{"loc":{"start":{"line":93,"column":4},"end":{"line":137,"column":9}},"type":"if","locations":[{"start":{"line":93,"column":4},"end":{"line":137,"column":9}},{"start":{},"end":{}}],"line":93},"6":{"loc":{"start":{"line":118,"column":12},"end":{"line":131,"column":13}},"type":"if","locations":[{"start":{"line":118,"column":12},"end":{"line":131,"column":13}},{"start":{"line":120,"column":19},"end":{"line":131,"column":13}}],"line":118},"7":{"loc":{"start":{"line":147,"column":2},"end":{"line":206,"column":5}},"type":"if","locations":[{"start":{"line":147,"column":2},"end":{"line":206,"column":5}},{"start":{"line":193,"column":9},"end":{"line":206,"column":5}}],"line":147},"8":{"loc":{"start":{"line":165,"column":6},"end":{"line":167,"column":7}},"type":"if","locations":[{"start":{"line":165,"column":6},"end":{"line":167,"column":7}},{"start":{},"end":{}}],"line":165},"9":{"loc":{"start":{"line":169,"column":6},"end":{"line":171,"column":7}},"type":"if","locations":[{"start":{"line":169,"column":6},"end":{"line":171,"column":7}},{"start":{},"end":{}}],"line":169},"10":{"loc":{"start":{"line":173,"column":6},"end":{"line":175,"column":7}},"type":"if","locations":[{"start":{"line":173,"column":6},"end":{"line":175,"column":7}},{"start":{},"end":{}}],"line":173},"11":{"loc":{"start":{"line":177,"column":4},"end":{"line":191,"column":5}},"type":"if","locations":[{"start":{"line":177,"column":4},"end":{"line":191,"column":5}},{"start":{"line":183,"column":11},"end":{"line":191,"column":5}}],"line":177},"12":{"loc":{"start":{"line":194,"column":4},"end":{"line":204,"column":7}},"type":"if","locations":[{"start":{"line":194,"column":4},"end":{"line":204,"column":7}},{"start":{"line":199,"column":13},"end":{"line":204,"column":7}}],"line":194}},"s":{"0":0,"1":0,"2":0,"3":0,"4":0,"5":0,"6":0,"7":0,"8":0,"9":0,"10":0,"11":0,"12":0,"13":0,"14":0,"15":0,"16":0,"17":0,"18":0,"19":0,"20":0,"21":0,"22":0,"23":0,"24":0,"25":0,"26":0,"27":0,"28":0,"29":0,"30":0,"31":0,"32":0,"33":0,"34":0,"35":0,"36":0,"37":0,"38":0,"39":0,"40":0,"41":0,"42":0,"43":0,"44":0,"45":0,"46":0,"47":0,"48":0,"49":0,"50":0,"51":0,"52":0,"53":0,"54":0,"55":0,"56":0,"57":0,"58":0,"59":0,"60":0,"61":0,"62":0,"63":0,"64":0,"65":0,"66":0,"67":0,"68":0,"69":0,"70":0,"71":0},"f":{"0":0,"1":0,"2":0,"3":0,"4":0,"5":0,"6":0},"b":{"0":[0,0],"1":[0,0],"2":[0,0],"3":[0,0],"4":[0,0],"5":[0,0],"6":[0,0],"7":[0,0],"8":[0,0],"9":[0,0],"10":[0,0],"11":[0,0],"12":[0,0]}}
,"C:\\GIT_LOCAL\\EstatesRequestSystemMobileApp\\CustomLogic\\data_api.js": {"path":"C:\\GIT_LOCAL\\EstatesRequestSystemMobileApp\\CustomLogic\\data_api.js","statementMap":{"0":{"start":{"line":6,"column":32},"end":{"line":37,"column":1}},"1":{"start":{"line":7,"column":20},"end":{"line":7,"column":39}},"2":{"start":{"line":8,"column":28},"end":{"line":8,"column":43}},"3":{"start":{"line":9,"column":22},"end":{"line":9,"column":49}},"4":{"start":{"line":10,"column":24},"end":{"line":10,"column":48}},"5":{"start":{"line":11,"column":20},"end":{"line":11,"column":40}},"6":{"start":{"line":12,"column":4},"end":{"line":36,"column":5}},"7":{"start":{"line":13,"column":23},"end":{"line":28,"column":10}},"8":{"start":{"line":30,"column":19},"end":{"line":30,"column":40}},"9":{"start":{"line":31,"column":8},"end":{"line":31,"column":28}},"10":{"start":{"line":33,"column":8},"end":{"line":33,"column":24}},"11":{"start":{"line":34,"column":8},"end":{"line":34,"column":26}},"12":{"start":{"line":35,"column":8},"end":{"line":35,"column":18}},"13":{"start":{"line":39,"column":40},"end":{"line":70,"column":1}},"14":{"start":{"line":40,"column":20},"end":{"line":40,"column":39}},"15":{"start":{"line":41,"column":28},"end":{"line":41,"column":49}},"16":{"start":{"line":42,"column":22},"end":{"line":42,"column":49}},"17":{"start":{"line":43,"column":24},"end":{"line":43,"column":48}},"18":{"start":{"line":44,"column":20},"end":{"line":44,"column":40}},"19":{"start":{"line":45,"column":4},"end":{"line":69,"column":5}},"20":{"start":{"line":46,"column":23},"end":{"line":61,"column":10}},"21":{"start":{"line":63,"column":19},"end":{"line":63,"column":40}},"22":{"start":{"line":64,"column":8},"end":{"line":64,"column":28}},"23":{"start":{"line":66,"column":8},"end":{"line":66,"column":24}},"24":{"start":{"line":67,"column":8},"end":{"line":67,"column":26}},"25":{"start":{"line":68,"column":8},"end":{"line":68,"column":18}},"26":{"start":{"line":72,"column":34},"end":{"line":103,"column":1}},"27":{"start":{"line":73,"column":20},"end":{"line":73,"column":39}},"28":{"start":{"line":74,"column":28},"end":{"line":74,"column":42}},"29":{"start":{"line":75,"column":22},"end":{"line":75,"column":49}},"30":{"start":{"line":76,"column":24},"end":{"line":76,"column":48}},"31":{"start":{"line":77,"column":20},"end":{"line":77,"column":40}},"32":{"start":{"line":78,"column":4},"end":{"line":102,"column":5}},"33":{"start":{"line":79,"column":23},"end":{"line":94,"column":10}},"34":{"start":{"line":96,"column":19},"end":{"line":96,"column":40}},"35":{"start":{"line":97,"column":8},"end":{"line":97,"column":28}},"36":{"start":{"line":99,"column":8},"end":{"line":99,"column":24}},"37":{"start":{"line":100,"column":8},"end":{"line":100,"column":26}},"38":{"start":{"line":101,"column":8},"end":{"line":101,"column":18}},"39":{"start":{"line":105,"column":38},"end":{"line":136,"column":1}},"40":{"start":{"line":106,"column":20},"end":{"line":106,"column":39}},"41":{"start":{"line":107,"column":28},"end":{"line":107,"column":52}},"42":{"start":{"line":108,"column":22},"end":{"line":108,"column":49}},"43":{"start":{"line":109,"column":24},"end":{"line":109,"column":48}},"44":{"start":{"line":110,"column":20},"end":{"line":110,"column":40}},"45":{"start":{"line":111,"column":4},"end":{"line":135,"column":5}},"46":{"start":{"line":112,"column":23},"end":{"line":127,"column":10}},"47":{"start":{"line":129,"column":19},"end":{"line":129,"column":40}},"48":{"start":{"line":130,"column":8},"end":{"line":130,"column":28}},"49":{"start":{"line":132,"column":8},"end":{"line":132,"column":24}},"50":{"start":{"line":133,"column":8},"end":{"line":133,"column":26}},"51":{"start":{"line":134,"column":8},"end":{"line":134,"column":18}},"52":{"start":{"line":138,"column":32},"end":{"line":186,"column":1}},"53":{"start":{"line":146,"column":20},"end":{"line":146,"column":39}},"54":{"start":{"line":147,"column":28},"end":{"line":147,"column":44}},"55":{"start":{"line":148,"column":22},"end":{"line":148,"column":49}},"56":{"start":{"line":149,"column":24},"end":{"line":149,"column":48}},"57":{"start":{"line":150,"column":20},"end":{"line":150,"column":40}},"58":{"start":{"line":152,"column":4},"end":{"line":185,"column":5}},"59":{"start":{"line":153,"column":23},"end":{"line":177,"column":10}},"60":{"start":{"line":179,"column":19},"end":{"line":179,"column":40}},"61":{"start":{"line":180,"column":8},"end":{"line":180,"column":28}},"62":{"start":{"line":182,"column":8},"end":{"line":182,"column":24}},"63":{"start":{"line":183,"column":8},"end":{"line":183,"column":26}},"64":{"start":{"line":184,"column":8},"end":{"line":184,"column":18}},"65":{"start":{"line":188,"column":30},"end":{"line":220,"column":1}},"66":{"start":{"line":189,"column":20},"end":{"line":189,"column":39}},"67":{"start":{"line":190,"column":28},"end":{"line":190,"column":40}},"68":{"start":{"line":191,"column":22},"end":{"line":191,"column":49}},"69":{"start":{"line":192,"column":24},"end":{"line":192,"column":48}},"70":{"start":{"line":193,"column":20},"end":{"line":193,"column":40}},"71":{"start":{"line":195,"column":4},"end":{"line":219,"column":5}},"72":{"start":{"line":196,"column":23},"end":{"line":211,"column":10}},"73":{"start":{"line":213,"column":19},"end":{"line":213,"column":40}},"74":{"start":{"line":214,"column":8},"end":{"line":214,"column":28}},"75":{"start":{"line":216,"column":8},"end":{"line":216,"column":24}},"76":{"start":{"line":217,"column":8},"end":{"line":217,"column":26}},"77":{"start":{"line":218,"column":8},"end":{"line":218,"column":18}},"78":{"start":{"line":222,"column":27},"end":{"line":253,"column":1}},"79":{"start":{"line":223,"column":20},"end":{"line":223,"column":39}},"80":{"start":{"line":224,"column":28},"end":{"line":224,"column":38}},"81":{"start":{"line":225,"column":22},"end":{"line":225,"column":49}},"82":{"start":{"line":226,"column":24},"end":{"line":226,"column":48}},"83":{"start":{"line":227,"column":20},"end":{"line":227,"column":40}},"84":{"start":{"line":228,"column":4},"end":{"line":252,"column":5}},"85":{"start":{"line":229,"column":23},"end":{"line":244,"column":10}},"86":{"start":{"line":246,"column":19},"end":{"line":246,"column":40}},"87":{"start":{"line":247,"column":8},"end":{"line":247,"column":28}},"88":{"start":{"line":249,"column":8},"end":{"line":249,"column":24}},"89":{"start":{"line":250,"column":8},"end":{"line":250,"column":26}},"90":{"start":{"line":251,"column":8},"end":{"line":251,"column":18}},"91":{"start":{"line":255,"column":29},"end":{"line":286,"column":1}},"92":{"start":{"line":256,"column":20},"end":{"line":256,"column":39}},"93":{"start":{"line":257,"column":28},"end":{"line":257,"column":43}},"94":{"start":{"line":258,"column":22},"end":{"line":258,"column":49}},"95":{"start":{"line":259,"column":24},"end":{"line":259,"column":48}},"96":{"start":{"line":260,"column":20},"end":{"line":260,"column":40}},"97":{"start":{"line":261,"column":4},"end":{"line":285,"column":5}},"98":{"start":{"line":262,"column":23},"end":{"line":277,"column":10}},"99":{"start":{"line":279,"column":19},"end":{"line":279,"column":40}},"100":{"start":{"line":280,"column":8},"end":{"line":280,"column":28}},"101":{"start":{"line":282,"column":8},"end":{"line":282,"column":24}},"102":{"start":{"line":283,"column":8},"end":{"line":283,"column":26}},"103":{"start":{"line":284,"column":8},"end":{"line":284,"column":18}},"104":{"start":{"line":288,"column":19},"end":{"line":290,"column":1}},"105":{"start":{"line":289,"column":4},"end":{"line":289,"column":76}},"106":{"start":{"line":292,"column":24},"end":{"line":294,"column":1}},"107":{"start":{"line":293,"column":4},"end":{"line":293,"column":32}},"108":{"start":{"line":296,"column":20},"end":{"line":298,"column":1}},"109":{"start":{"line":297,"column":4},"end":{"line":297,"column":28}}},"fnMap":{"0":{"name":"(anonymous_0)","decl":{"start":{"line":6,"column":32},"end":{"line":6,"column":33}},"loc":{"start":{"line":6,"column":76},"end":{"line":37,"column":1}},"line":6},"1":{"name":"(anonymous_1)","decl":{"start":{"line":39,"column":40},"end":{"line":39,"column":41}},"loc":{"start":{"line":39,"column":84},"end":{"line":70,"column":1}},"line":39},"2":{"name":"(anonymous_2)","decl":{"start":{"line":72,"column":34},"end":{"line":72,"column":35}},"loc":{"start":{"line":72,"column":75},"end":{"line":103,"column":1}},"line":72},"3":{"name":"(anonymous_3)","decl":{"start":{"line":105,"column":38},"end":{"line":105,"column":39}},"loc":{"start":{"line":105,"column":82},"end":{"line":136,"column":1}},"line":105},"4":{"name":"(anonymous_4)","decl":{"start":{"line":138,"column":32},"end":{"line":138,"column":33}},"loc":{"start":{"line":145,"column":53},"end":{"line":186,"column":1}},"line":145},"5":{"name":"(anonymous_5)","decl":{"start":{"line":188,"column":30},"end":{"line":188,"column":31}},"loc":{"start":{"line":188,"column":59},"end":{"line":220,"column":1}},"line":188},"6":{"name":"(anonymous_6)","decl":{"start":{"line":222,"column":27},"end":{"line":222,"column":28}},"loc":{"start":{"line":222,"column":56},"end":{"line":253,"column":1}},"line":222},"7":{"name":"(anonymous_7)","decl":{"start":{"line":255,"column":29},"end":{"line":255,"column":30}},"loc":{"start":{"line":255,"column":58},"end":{"line":286,"column":1}},"line":255},"8":{"name":"(anonymous_8)","decl":{"start":{"line":288,"column":19},"end":{"line":288,"column":20}},"loc":{"start":{"line":288,"column":33},"end":{"line":290,"column":1}},"line":288},"9":{"name":"(anonymous_9)","decl":{"start":{"line":292,"column":24},"end":{"line":292,"column":25}},"loc":{"start":{"line":292,"column":37},"end":{"line":294,"column":1}},"line":292},"10":{"name":"(anonymous_10)","decl":{"start":{"line":296,"column":20},"end":{"line":296,"column":21}},"loc":{"start":{"line":296,"column":33},"end":{"line":298,"column":1}},"line":296}},"branchMap":{},"s":{"0":0,"1":0,"2":0,"3":0,"4":0,"5":0,"6":0,"7":0,"8":0,"9":0,"10":0,"11":0,"12":0,"13":0,"14":0,"15":0,"16":0,"17":0,"18":0,"19":0,"20":0,"21":0,"22":0,"23":0,"24":0,"25":0,"26":0,"27":0,"28":0,"29":0,"30":0,"31":0,"32":0,"33":0,"34":0,"35":0,"36":0,"37":0,"38":0,"39":0,"40":0,"41":0,"42":0,"43":0,"44":0,"45":0,"46":0,"47":0,"48":0,"49":0,"50":0,"51":0,"52":0,"53":0,"54":0,"55":0,"56":0,"57":0,"58":0,"59":0,"60":0,"61":0,"62":0,"63":0,"64":0,"65":0,"66":0,"67":0,"68":0,"69":0,"70":0,"71":0,"72":0,"73":0,"74":0,"75":0,"76":0,"77":0,"78":0,"79":0,"80":0,"81":0,"82":0,"83":0,"84":0,"85":0,"86":0,"87":0,"88":0,"89":0,"90":0,"91":0,"92":0,"93":0,"94":0,"95":0,"96":0,"97":0,"98":0,"99":0,"100":0,"101":0,"102":0,"103":0,"104":0,"105":0,"106":0,"107":0,"108":0,"109":0},"f":{"0":0,"1":0,"2":0,"3":0,"4":0,"5":0,"6":0,"7":0,"8":0,"9":0,"10":0},"b":{}}
,"C:\\GIT_LOCAL\\EstatesRequestSystemMobileApp\\CustomLogic\\globalSettings.js": {"path":"C:\\GIT_LOCAL\\EstatesRequestSystemMobileApp\\CustomLogic\\globalSettings.js","statementMap":{"0":{"start":{"line":11,"column":36},"end":{"line":11,"column":40}},"1":{"start":{"line":12,"column":48},"end":{"line":12,"column":53}},"2":{"start":{"line":13,"column":40},"end":{"line":13,"column":55}},"3":{"start":{"line":14,"column":38},"end":{"line":14,"column":53}},"4":{"start":{"line":15,"column":35},"end":{"line":15,"column":47}},"5":{"start":{"line":16,"column":39},"end":{"line":16,"column":40}},"6":{"start":{"line":19,"column":40},"end":{"line":27,"column":1}},"7":{"start":{"line":20,"column":4},"end":{"line":25,"column":5}},"8":{"start":{"line":21,"column":8},"end":{"line":21,"column":19}},"9":{"start":{"line":23,"column":22},"end":{"line":23,"column":45}},"10":{"start":{"line":24,"column":8},"end":{"line":24,"column":35}},"11":{"start":{"line":31,"column":31},"end":{"line":31,"column":71}},"12":{"start":{"line":32,"column":39},"end":{"line":32,"column":66}},"13":{"start":{"line":33,"column":31},"end":{"line":33,"column":94}},"14":{"start":{"line":34,"column":28},"end":{"line":34,"column":65}},"15":{"start":{"line":35,"column":27},"end":{"line":35,"column":38}},"16":{"start":{"line":37,"column":21},"end":{"line":37,"column":40}},"17":{"start":{"line":38,"column":0},"end":{"line":43,"column":1}},"18":{"start":{"line":42,"column":4},"end":{"line":42,"column":40}},"19":{"start":{"line":44,"column":17},"end":{"line":44,"column":69}},"20":{"start":{"line":45,"column":32},"end":{"line":45,"column":50}},"21":{"start":{"line":48,"column":30},"end":{"line":60,"column":1}}},"fnMap":{"0":{"name":"(anonymous_0)","decl":{"start":{"line":19,"column":40},"end":{"line":19,"column":41}},"loc":{"start":{"line":19,"column":58},"end":{"line":27,"column":1}},"line":19}},"branchMap":{"0":{"loc":{"start":{"line":20,"column":4},"end":{"line":25,"column":5}},"type":"if","locations":[{"start":{"line":20,"column":4},"end":{"line":25,"column":5}},{"start":{"line":22,"column":11},"end":{"line":25,"column":5}}],"line":20},"1":{"loc":{"start":{"line":38,"column":0},"end":{"line":43,"column":1}},"type":"if","locations":[{"start":{"line":38,"column":0},"end":{"line":43,"column":1}},{"start":{"line":41,"column":7},"end":{"line":43,"column":1}}],"line":38}},"s":{"0":0,"1":0,"2":0,"3":0,"4":0,"5":0,"6":0,"7":0,"8":0,"9":0,"10":0,"11":0,"12":0,"13":0,"14":0,"15":0,"16":0,"17":0,"18":0,"19":0,"20":0,"21":0},"f":{"0":0},"b":{"0":[0,0],"1":[0,0]}}
,"C:\\GIT_LOCAL\\EstatesRequestSystemMobileApp\\CustomLogic\\messages.js": {"path":"C:\\GIT_LOCAL\\EstatesRequestSystemMobileApp\\CustomLogic\\messages.js","statementMap":{"0":{"start":{"line":2,"column":18},"end":{"line":2,"column":44}},"1":{"start":{"line":8,"column":36},"end":{"line":23,"column":1}},"2":{"start":{"line":9,"column":32},"end":{"line":9,"column":70}},"3":{"start":{"line":10,"column":4},"end":{"line":20,"column":5}},"4":{"start":{"line":11,"column":22},"end":{"line":11,"column":74}},"5":{"start":{"line":12,"column":8},"end":{"line":16,"column":9}},"6":{"start":{"line":13,"column":12},"end":{"line":13,"column":26}},"7":{"start":{"line":15,"column":12},"end":{"line":15,"column":28}},"8":{"start":{"line":18,"column":8},"end":{"line":18,"column":26}},"9":{"start":{"line":19,"column":8},"end":{"line":19,"column":24}}},"fnMap":{"0":{"name":"(anonymous_0)","decl":{"start":{"line":8,"column":36},"end":{"line":8,"column":37}},"loc":{"start":{"line":8,"column":63},"end":{"line":23,"column":1}},"line":8}},"branchMap":{"0":{"loc":{"start":{"line":12,"column":8},"end":{"line":16,"column":9}},"type":"if","locations":[{"start":{"line":12,"column":8},"end":{"line":16,"column":9}},{"start":{"line":14,"column":15},"end":{"line":16,"column":9}}],"line":12}},"s":{"0":0,"1":0,"2":0,"3":0,"4":0,"5":0,"6":0,"7":0,"8":0,"9":0},"f":{"0":0},"b":{"0":[0,0]}}
,"C:\\GIT_LOCAL\\EstatesRequestSystemMobileApp\\CustomLogic\\storage.js": {"path":"C:\\GIT_LOCAL\\EstatesRequestSystemMobileApp\\CustomLogic\\storage.js","statementMap":{"0":{"start":{"line":4,"column":18},"end":{"line":4,"column":39}},"1":{"start":{"line":10,"column":2},"end":{"line":15,"column":3}},"2":{"start":{"line":11,"column":21},"end":{"line":11,"column":40}},"3":{"start":{"line":12,"column":20},"end":{"line":12,"column":27}},"4":{"start":{"line":14,"column":4},"end":{"line":14,"column":39}},"5":{"start":{"line":16,"column":4},"end":{"line":16,"column":41}},"6":{"start":{"line":17,"column":4},"end":{"line":17,"column":15}},"7":{"start":{"line":24,"column":16},"end":{"line":24,"column":40}},"8":{"start":{"line":25,"column":4},"end":{"line":33,"column":5}},"9":{"start":{"line":26,"column":8},"end":{"line":26,"column":34}},"10":{"start":{"line":28,"column":21},"end":{"line":28,"column":56}},"11":{"start":{"line":29,"column":8},"end":{"line":32,"column":9}},"12":{"start":{"line":30,"column":25},"end":{"line":30,"column":49}},"13":{"start":{"line":31,"column":10},"end":{"line":31,"column":37}},"14":{"start":{"line":36,"column":18},"end":{"line":45,"column":1}},"15":{"start":{"line":37,"column":4},"end":{"line":44,"column":5}},"16":{"start":{"line":38,"column":20},"end":{"line":38,"column":58}},"17":{"start":{"line":39,"column":7},"end":{"line":39,"column":19}},"18":{"start":{"line":42,"column":6},"end":{"line":42,"column":20}},"19":{"start":{"line":43,"column":6},"end":{"line":43,"column":15}},"20":{"start":{"line":47,"column":16},"end":{"line":56,"column":1}},"21":{"start":{"line":48,"column":4},"end":{"line":55,"column":5}},"22":{"start":{"line":49,"column":22},"end":{"line":49,"column":53}},"23":{"start":{"line":50,"column":8},"end":{"line":50,"column":20}},"24":{"start":{"line":53,"column":8},"end":{"line":53,"column":22}},"25":{"start":{"line":54,"column":8},"end":{"line":54,"column":19}},"26":{"start":{"line":58,"column":28},"end":{"line":60,"column":1}},"27":{"start":{"line":59,"column":2},"end":{"line":59,"column":23}}},"fnMap":{"0":{"name":"updateAppInfo","decl":{"start":{"line":9,"column":22},"end":{"line":9,"column":35}},"loc":{"start":{"line":9,"column":45},"end":{"line":18,"column":1}},"line":9},"1":{"name":"getAppInfo","decl":{"start":{"line":22,"column":22},"end":{"line":22,"column":32}},"loc":{"start":{"line":22,"column":35},"end":{"line":34,"column":1}},"line":22},"2":{"name":"(anonymous_2)","decl":{"start":{"line":36,"column":18},"end":{"line":36,"column":19}},"loc":{"start":{"line":36,"column":39},"end":{"line":45,"column":1}},"line":36},"3":{"name":"(anonymous_3)","decl":{"start":{"line":47,"column":16},"end":{"line":47,"column":17}},"loc":{"start":{"line":47,"column":31},"end":{"line":56,"column":1}},"line":47},"4":{"name":"(anonymous_4)","decl":{"start":{"line":58,"column":28},"end":{"line":58,"column":29}},"loc":{"start":{"line":58,"column":39},"end":{"line":60,"column":1}},"line":58}},"branchMap":{"0":{"loc":{"start":{"line":25,"column":4},"end":{"line":33,"column":5}},"type":"if","locations":[{"start":{"line":25,"column":4},"end":{"line":33,"column":5}},{"start":{"line":27,"column":11},"end":{"line":33,"column":5}}],"line":25},"1":{"loc":{"start":{"line":29,"column":8},"end":{"line":32,"column":9}},"type":"if","locations":[{"start":{"line":29,"column":8},"end":{"line":32,"column":9}},{"start":{},"end":{}}],"line":29}},"s":{"0":0,"1":0,"2":0,"3":0,"4":0,"5":0,"6":0,"7":0,"8":0,"9":0,"10":0,"11":0,"12":0,"13":0,"14":0,"15":0,"16":0,"17":0,"18":0,"19":0,"20":0,"21":0,"22":0,"23":0,"24":0,"25":0,"26":0,"27":0},"f":{"0":0,"1":0,"2":0,"3":0,"4":0},"b":{"0":[0,0],"1":[0,0]}}
,"C:\\GIT_LOCAL\\EstatesRequestSystemMobileApp\\CustomLogic\\storage.native.js": {"path":"C:\\GIT_LOCAL\\EstatesRequestSystemMobileApp\\CustomLogic\\storage.native.js","statementMap":{"0":{"start":{"line":7,"column":18},"end":{"line":7,"column":38}},"1":{"start":{"line":10,"column":4},"end":{"line":10,"column":47}},"2":{"start":{"line":14,"column":17},"end":{"line":14,"column":52}},"3":{"start":{"line":15,"column":4},"end":{"line":15,"column":17}},"4":{"start":{"line":19,"column":4},"end":{"line":19,"column":34}},"5":{"start":{"line":20,"column":4},"end":{"line":20,"column":15}},"6":{"start":{"line":25,"column":18},"end":{"line":25,"column":46}},"7":{"start":{"line":27,"column":4},"end":{"line":32,"column":5}},"8":{"start":{"line":28,"column":8},"end":{"line":28,"column":59}},"9":{"start":{"line":29,"column":8},"end":{"line":29,"column":55}},"10":{"start":{"line":31,"column":8},"end":{"line":31,"column":33}},"11":{"start":{"line":35,"column":30},"end":{"line":37,"column":3}}},"fnMap":{"0":{"name":"save","decl":{"start":{"line":9,"column":15},"end":{"line":9,"column":19}},"loc":{"start":{"line":9,"column":32},"end":{"line":11,"column":3}},"line":9},"1":{"name":"getValueFor","decl":{"start":{"line":13,"column":17},"end":{"line":13,"column":28}},"loc":{"start":{"line":13,"column":34},"end":{"line":16,"column":3}},"line":13},"2":{"name":"updateAppInfo","decl":{"start":{"line":18,"column":24},"end":{"line":18,"column":37}},"loc":{"start":{"line":18,"column":47},"end":{"line":21,"column":3}},"line":18},"3":{"name":"getAppInfo","decl":{"start":{"line":23,"column":24},"end":{"line":23,"column":34}},"loc":{"start":{"line":23,"column":37},"end":{"line":33,"column":3}},"line":23},"4":{"name":"(anonymous_4)","decl":{"start":{"line":35,"column":30},"end":{"line":35,"column":31}},"loc":{"start":{"line":35,"column":41},"end":{"line":37,"column":3}},"line":35}},"branchMap":{"0":{"loc":{"start":{"line":27,"column":4},"end":{"line":32,"column":5}},"type":"if","locations":[{"start":{"line":27,"column":4},"end":{"line":32,"column":5}},{"start":{"line":30,"column":11},"end":{"line":32,"column":5}}],"line":27}},"s":{"0":0,"1":0,"2":0,"3":0,"4":0,"5":0,"6":0,"7":0,"8":0,"9":0,"10":0,"11":0},"f":{"0":0,"1":0,"2":0,"3":0,"4":0},"b":{"0":[0,0]}}
}
