TN:
SF:App.js
FN:26,App
FN:34,(anonymous_1)
FN:38,(anonymous_2)
FN:41,(anonymous_3)
FN:45,(anonymous_4)
FNF:5
FNH:0
FNDA:0,App
FNDA:0,(anonymous_1)
FNDA:0,(anonymous_2)
FNDA:0,(anonymous_3)
FNDA:0,(anonymous_4)
DA:15,0
DA:16,0
DA:28,0
DA:32,0
DA:34,0
DA:35,0
DA:38,0
DA:41,0
DA:42,0
DA:45,0
DA:46,0
DA:50,0
DA:52,0
DA:59,0
DA:68,0
LF:15
LH:0
BRDA:50,0,0,0
BRDA:50,0,1,0
BRF:2
BRH:0
end_of_record
TN:
SF:MyAppInfo.js
FNF:0
FNH:0
DA:3,0
LF:1
LH:0
BRF:0
BRH:0
end_of_record
TN:
SF:CustomComponents\AssignedRequestsTab.js
FN:40,(anonymous_0)
FN:63,(anonymous_1)
FN:69,(anonymous_2)
FN:76,(anonymous_3)
FN:78,(anonymous_4)
FN:83,(anonymous_5)
FN:107,(anonymous_6)
FN:109,(anonymous_7)
FN:125,(anonymous_8)
FN:131,(anonymous_9)
FN:133,(anonymous_10)
FN:203,(anonymous_11)
FN:250,(anonymous_12)
FN:255,(anonymous_13)
FN:267,(anonymous_14)
FN:272,(anonymous_15)
FN:297,(anonymous_16)
FN:318,(anonymous_17)
FN:344,(anonymous_18)
FN:360,str_pad
FNF:20
FNH:0
FNDA:0,(anonymous_0)
FNDA:0,(anonymous_1)
FNDA:0,(anonymous_2)
FNDA:0,(anonymous_3)
FNDA:0,(anonymous_4)
FNDA:0,(anonymous_5)
FNDA:0,(anonymous_6)
FNDA:0,(anonymous_7)
FNDA:0,(anonymous_8)
FNDA:0,(anonymous_9)
FNDA:0,(anonymous_10)
FNDA:0,(anonymous_11)
FNDA:0,(anonymous_12)
FNDA:0,(anonymous_13)
FNDA:0,(anonymous_14)
FNDA:0,(anonymous_15)
FNDA:0,(anonymous_16)
FNDA:0,(anonymous_17)
FNDA:0,(anonymous_18)
FNDA:0,str_pad
DA:36,0
DA:37,0
DA:40,0
DA:42,0
DA:43,0
DA:46,0
DA:47,0
DA:50,0
DA:51,0
DA:54,0
DA:55,0
DA:56,0
DA:59,0
DA:62,0
DA:63,0
DA:65,0
DA:69,0
DA:70,0
DA:72,0
DA:78,0
DA:79,0
DA:80,0
DA:81,0
DA:83,0
DA:84,0
DA:85,0
DA:86,0
DA:87,0
DA:89,0
DA:90,0
DA:91,0
DA:92,0
DA:107,0
DA:108,0
DA:109,0
DA:110,0
DA:111,0
DA:112,0
DA:113,0
DA:115,0
DA:116,0
DA:117,0
DA:118,0
DA:125,0
DA:126,0
DA:127,0
DA:131,0
DA:132,0
DA:133,0
DA:134,0
DA:135,0
DA:137,0
DA:141,0
DA:142,0
DA:159,0
DA:160,0
DA:174,0
DA:175,0
DA:194,0
DA:204,0
DA:205,0
DA:250,0
DA:255,0
DA:268,0
DA:273,0
DA:274,0
DA:297,0
DA:298,0
DA:299,0
DA:301,0
DA:318,0
DA:319,0
DA:344,0
DA:345,0
DA:346,0
DA:348,0
DA:349,0
DA:350,0
DA:351,0
DA:352,0
DA:354,0
DA:361,0
DA:365,0
DA:398,0
DA:433,0
LF:85
LH:0
BRDA:79,0,0,0
BRDA:79,0,1,0
BRDA:84,1,0,0
BRDA:84,1,1,0
BRDA:110,2,0,0
BRDA:110,2,1,0
BRDA:141,3,0,0
BRDA:141,3,1,0
BRDA:159,4,0,0
BRDA:159,4,1,0
BRDA:174,5,0,0
BRDA:174,5,1,0
BRDA:248,6,0,0
BRDA:248,6,1,0
BRDA:254,7,0,0
BRDA:254,7,1,0
BRDA:307,8,0,0
BRDA:307,8,1,0
BRDA:323,9,0,0
BRDA:323,9,1,0
BRDA:349,10,0,0
BRDA:349,10,1,0
BRDA:351,11,0,0
BRDA:351,11,1,0
BRF:24
BRH:0
end_of_record
TN:
SF:CustomComponents\ConnectionTab.js
FN:28,(anonymous_0)
FN:46,(anonymous_1)
FN:63,(anonymous_2)
FNF:3
FNH:0
FNDA:0,(anonymous_0)
FNDA:0,(anonymous_1)
FNDA:0,(anonymous_2)
DA:21,0
DA:22,0
DA:28,0
DA:30,0
DA:31,0
DA:33,0
DA:46,0
DA:53,0
DA:63,0
DA:73,0
LF:10
LH:0
BRDA:31,0,0,0
BRDA:31,0,1,0
BRF:2
BRH:0
end_of_record
TN:
SF:CustomComponents\MakeARequestTab.js
FN:43,(anonymous_0)
FN:73,(anonymous_1)
FN:78,(anonymous_2)
FN:87,(anonymous_3)
FN:110,(anonymous_4)
FN:111,(anonymous_5)
FN:113,(anonymous_6)
FN:121,(anonymous_7)
FN:145,(anonymous_8)
FN:177,(anonymous_9)
FN:225,(anonymous_10)
FN:229,(anonymous_11)
FN:232,(anonymous_12)
FN:245,(anonymous_13)
FN:250,(anonymous_14)
FN:253,(anonymous_15)
FN:281,(anonymous_16)
FNF:17
FNH:0
FNDA:0,(anonymous_0)
FNDA:0,(anonymous_1)
FNDA:0,(anonymous_2)
FNDA:0,(anonymous_3)
FNDA:0,(anonymous_4)
FNDA:0,(anonymous_5)
FNDA:0,(anonymous_6)
FNDA:0,(anonymous_7)
FNDA:0,(anonymous_8)
FNDA:0,(anonymous_9)
FNDA:0,(anonymous_10)
FNDA:0,(anonymous_11)
FNDA:0,(anonymous_12)
FNDA:0,(anonymous_13)
FNDA:0,(anonymous_14)
FNDA:0,(anonymous_15)
FNDA:0,(anonymous_16)
DA:27,0
DA:28,0
DA:43,0
DA:45,0
DA:46,0
DA:47,0
DA:48,0
DA:50,0
DA:54,0
DA:55,0
DA:57,0
DA:58,0
DA:60,0
DA:61,0
DA:63,0
DA:64,0
DA:66,0
DA:68,0
DA:69,0
DA:70,0
DA:73,0
DA:74,0
DA:76,0
DA:78,0
DA:79,0
DA:80,0
DA:81,0
DA:82,0
DA:84,0
DA:85,0
DA:87,0
DA:88,0
DA:89,0
DA:90,0
DA:92,0
DA:93,0
DA:94,0
DA:95,0
DA:96,0
DA:97,0
DA:99,0
DA:100,0
DA:101,0
DA:102,0
DA:110,0
DA:111,0
DA:112,0
DA:113,0
DA:114,0
DA:115,0
DA:116,0
DA:118,0
DA:119,0
DA:121,0
DA:122,0
DA:123,0
DA:124,0
DA:126,0
DA:127,0
DA:128,0
DA:129,0
DA:130,0
DA:131,0
DA:133,0
DA:134,0
DA:135,0
DA:141,0
DA:145,0
DA:146,0
DA:147,0
DA:148,0
DA:149,0
DA:150,0
DA:153,0
DA:154,0
DA:155,0
DA:156,0
DA:159,0
DA:160,0
DA:161,0
DA:162,0
DA:166,0
DA:167,0
DA:168,0
DA:169,0
DA:173,0
DA:174,0
DA:175,0
DA:177,0
DA:178,0
DA:179,0
DA:180,0
DA:182,0
DA:184,0
DA:185,0
DA:186,0
DA:188,0
DA:193,0
DA:194,0
DA:195,0
DA:196,0
DA:197,0
DA:198,0
DA:200,0
DA:201,0
DA:208,0
DA:209,0
DA:226,0
DA:227,0
DA:230,0
DA:233,0
DA:247,0
DA:248,0
DA:251,0
DA:254,0
DA:281,0
DA:292,0
DA:293,0
DA:309,0
DA:326,0
DA:377,0
DA:421,0
LF:122
LH:0
BRDA:79,0,0,0
BRDA:79,0,1,0
BRDA:88,1,0,0
BRDA:88,1,1,0
BRDA:114,2,0,0
BRDA:114,2,1,0
BRDA:122,3,0,0
BRDA:122,3,1,0
BRDA:147,4,0,0
BRDA:147,4,1,0
BRDA:148,5,0,0
BRDA:148,5,1,0
BRDA:153,6,0,0
BRDA:153,6,1,0
BRDA:154,7,0,0
BRDA:154,7,1,0
BRDA:159,8,0,0
BRDA:159,8,1,0
BRDA:160,9,0,0
BRDA:160,9,1,0
BRDA:166,10,0,0
BRDA:166,10,1,0
BRDA:167,11,0,0
BRDA:167,11,1,0
BRDA:173,12,0,0
BRDA:173,12,1,0
BRDA:178,13,0,0
BRDA:178,13,1,0
BRDA:185,14,0,0
BRDA:185,14,1,0
BRDA:208,15,0,0
BRDA:208,15,1,0
BRDA:292,16,0,0
BRDA:292,16,1,0
BRF:34
BRH:0
end_of_record
TN:
SF:CustomComponents\MyRequestsTab.js
FN:41,(anonymous_0)
FN:63,(anonymous_1)
FN:69,(anonymous_2)
FN:71,(anonymous_3)
FN:87,(anonymous_4)
FN:92,(anonymous_5)
FN:94,(anonymous_6)
FN:157,(anonymous_7)
FN:205,(anonymous_8)
FN:217,(anonymous_9)
FN:222,(anonymous_10)
FN:226,(anonymous_11)
FN:249,(anonymous_12)
FN:270,(anonymous_13)
FN:303,(anonymous_14)
FN:317,str_pad
FNF:16
FNH:0
FNDA:0,(anonymous_0)
FNDA:0,(anonymous_1)
FNDA:0,(anonymous_2)
FNDA:0,(anonymous_3)
FNDA:0,(anonymous_4)
FNDA:0,(anonymous_5)
FNDA:0,(anonymous_6)
FNDA:0,(anonymous_7)
FNDA:0,(anonymous_8)
FNDA:0,(anonymous_9)
FNDA:0,(anonymous_10)
FNDA:0,(anonymous_11)
FNDA:0,(anonymous_12)
FNDA:0,(anonymous_13)
FNDA:0,(anonymous_14)
FNDA:0,str_pad
DA:33,0
DA:34,0
DA:41,0
DA:42,0
DA:43,0
DA:44,0
DA:45,0
DA:48,0
DA:49,0
DA:50,0
DA:54,0
DA:57,0
DA:58,0
DA:62,0
DA:63,0
DA:65,0
DA:69,0
DA:70,0
DA:71,0
DA:72,0
DA:73,0
DA:74,0
DA:75,0
DA:77,0
DA:78,0
DA:79,0
DA:80,0
DA:87,0
DA:88,0
DA:89,0
DA:92,0
DA:93,0
DA:94,0
DA:95,0
DA:96,0
DA:98,0
DA:101,0
DA:102,0
DA:118,0
DA:119,0
DA:130,0
DA:131,0
DA:149,0
DA:158,0
DA:205,0
DA:218,0
DA:223,0
DA:224,0
DA:227,0
DA:249,0
DA:250,0
DA:251,0
DA:253,0
DA:270,0
DA:271,0
DA:272,0
DA:273,0
DA:275,0
DA:277,0
DA:303,0
DA:304,0
DA:305,0
DA:307,0
DA:308,0
DA:309,0
DA:310,0
DA:311,0
DA:313,0
DA:318,0
DA:322,0
DA:348,0
DA:414,0
LF:72
LH:0
BRDA:72,0,0,0
BRDA:72,0,1,0
BRDA:101,1,0,0
BRDA:101,1,1,0
BRDA:118,2,0,0
BRDA:118,2,1,0
BRDA:130,3,0,0
BRDA:130,3,1,0
BRDA:201,4,0,0
BRDA:201,4,1,0
BRDA:259,5,0,0
BRDA:259,5,1,0
BRDA:272,6,0,0
BRDA:272,6,1,0
BRDA:281,7,0,0
BRDA:281,7,1,0
BRDA:308,8,0,0
BRDA:308,8,1,0
BRDA:310,9,0,0
BRDA:310,9,1,0
BRF:20
BRH:0
end_of_record
TN:
SF:CustomComponents\SettingsTab.js
FN:30,(anonymous_0)
FN:94,(anonymous_1)
FN:104,(anonymous_2)
FN:107,(anonymous_3)
FN:119,(anonymous_4)
FNF:5
FNH:0
FNDA:0,(anonymous_0)
FNDA:0,(anonymous_1)
FNDA:0,(anonymous_2)
FNDA:0,(anonymous_3)
FNDA:0,(anonymous_4)
DA:22,0
DA:23,0
DA:30,0
DA:31,0
DA:32,0
DA:33,0
DA:34,0
DA:35,0
DA:37,0
DA:42,0
DA:45,0
DA:94,0
DA:104,0
DA:107,0
DA:119,0
DA:120,0
DA:126,0
DA:130,0
LF:18
LH:0
BRDA:33,0,0,0
BRDA:33,0,1,0
BRDA:34,1,0,0
BRDA:34,1,1,0
BRF:4
BRH:0
end_of_record
TN:
SF:CustomComponents\TabNavigator.js
FN:20,(anonymous_0)
FN:32,(anonymous_1)
FN:34,(anonymous_2)
FN:48,(anonymous_3)
FN:51,(anonymous_4)
FN:55,(anonymous_5)
FN:62,(anonymous_6)
FN:63,(anonymous_7)
FN:65,(anonymous_8)
FN:66,(anonymous_9)
FN:105,(anonymous_10)
FN:114,(anonymous_11)
FN:120,(anonymous_12)
FN:126,(anonymous_13)
FN:130,(anonymous_14)
FN:138,(anonymous_15)
FN:144,(anonymous_16)
FN:150,(anonymous_17)
FN:156,(anonymous_18)
FN:162,(anonymous_19)
FNF:20
FNH:0
FNDA:0,(anonymous_0)
FNDA:0,(anonymous_1)
FNDA:0,(anonymous_2)
FNDA:0,(anonymous_3)
FNDA:0,(anonymous_4)
FNDA:0,(anonymous_5)
FNDA:0,(anonymous_6)
FNDA:0,(anonymous_7)
FNDA:0,(anonymous_8)
FNDA:0,(anonymous_9)
FNDA:0,(anonymous_10)
FNDA:0,(anonymous_11)
FNDA:0,(anonymous_12)
FNDA:0,(anonymous_13)
FNDA:0,(anonymous_14)
FNDA:0,(anonymous_15)
FNDA:0,(anonymous_16)
FNDA:0,(anonymous_17)
FNDA:0,(anonymous_18)
FNDA:0,(anonymous_19)
DA:3,0
DA:20,0
DA:23,0
DA:24,0
DA:25,0
DA:27,0
DA:28,0
DA:32,0
DA:33,0
DA:34,0
DA:35,0
DA:36,0
DA:38,0
DA:39,0
DA:46,0
DA:48,0
DA:50,0
DA:51,0
DA:53,0
DA:55,0
DA:59,0
DA:62,0
DA:63,0
DA:65,0
DA:68,0
DA:69,0
DA:72,0
DA:73,0
DA:76,0
DA:77,0
DA:80,0
DA:81,0
DA:84,0
DA:85,0
DA:89,0
DA:93,0
DA:105,0
DA:114,0
DA:120,0
DA:126,0
DA:130,0
DA:138,0
DA:139,0
DA:144,0
DA:145,0
DA:150,0
DA:151,0
DA:156,0
DA:157,0
DA:162,0
DA:163,0
LF:51
LH:0
BRDA:33,0,0,0
BRDA:33,0,1,0
BRDA:35,1,0,0
BRDA:35,1,1,0
BRDA:68,2,0,0
BRDA:68,2,1,0
BRDA:69,3,0,0
BRDA:69,3,1,0
BRDA:72,4,0,0
BRDA:72,4,1,0
BRDA:73,5,0,0
BRDA:73,5,1,0
BRDA:76,6,0,0
BRDA:76,6,1,0
BRDA:77,7,0,0
BRDA:77,7,1,0
BRDA:80,8,0,0
BRDA:80,8,1,0
BRDA:81,9,0,0
BRDA:81,9,1,0
BRDA:84,10,0,0
BRDA:84,10,1,0
BRDA:85,11,0,0
BRDA:85,11,1,0
BRDA:89,12,0,0
BRDA:89,12,1,0
BRDA:101,13,0,0
BRDA:101,13,1,0
BRDA:116,14,0,0
BRDA:116,14,1,0
BRF:30
BRH:0
end_of_record
TN:
SF:CustomLogic\appInfoStore.js
FN:10,appInfo
FNF:1
FNH:0
FNDA:0,appInfo
DA:11,0
DA:12,0
DA:14,0
DA:15,0
DA:25,0
DA:35,0
DA:36,0
DA:38,0
DA:45,0
DA:46,0
DA:48,0
DA:49,0
DA:50,0
DA:52,0
DA:56,0
DA:57,0
DA:59,0
LF:17
LH:0
BRDA:10,0,0,0
BRDA:12,1,0,0
BRDA:12,1,1,0
BRDA:12,1,2,0
BRDA:12,1,3,0
BRDA:12,1,4,0
BRDA:14,2,0,0
BRDA:14,2,1,0
BRF:8
BRH:0
end_of_record
TN:
SF:CustomLogic\auth_api.js
FN:23,(anonymous_0)
FN:25,(anonymous_1)
FN:90,(anonymous_2)
FN:113,(anonymous_3)
FN:114,(anonymous_4)
FN:134,(anonymous_5)
FN:142,processAuthAtStartUp
FNF:7
FNH:0
FNDA:0,(anonymous_0)
FNDA:0,(anonymous_1)
FNDA:0,(anonymous_2)
FNDA:0,(anonymous_3)
FNDA:0,(anonymous_4)
FNDA:0,(anonymous_5)
FNDA:0,processAuthAtStartUp
DA:23,0
DA:25,0
DA:27,0
DA:29,0
DA:32,0
DA:34,0
DA:36,0
DA:37,0
DA:48,0
DA:51,0
DA:52,0
DA:55,0
DA:61,0
DA:64,0
DA:65,0
DA:66,0
DA:76,0
DA:78,0
DA:79,0
DA:80,0
DA:82,0
DA:90,0
DA:91,0
DA:92,0
DA:93,0
DA:95,0
DA:96,0
DA:98,0
DA:99,0
DA:102,0
DA:103,0
DA:104,0
DA:113,0
DA:115,0
DA:116,0
DA:118,0
DA:119,0
DA:121,0
DA:122,0
DA:132,0
DA:135,0
DA:144,0
DA:147,0
DA:148,0
DA:149,0
DA:150,0
DA:151,0
DA:152,0
DA:153,0
DA:154,0
DA:156,0
DA:157,0
DA:158,0
DA:159,0
DA:160,0
DA:161,0
DA:162,0
DA:164,0
DA:165,0
DA:166,0
DA:169,0
DA:170,0
DA:173,0
DA:174,0
DA:177,0
DA:178,0
DA:182,0
DA:184,0
DA:194,0
DA:195,0
DA:200,0
DA:205,0
LF:72
LH:0
BRDA:32,0,0,0
BRDA:32,0,1,0
BRDA:51,1,0,0
BRDA:51,1,1,0
BRDA:55,2,0,0
BRDA:55,2,1,0
BRDA:79,3,0,0
BRDA:79,3,1,0
BRDA:92,4,0,0
BRDA:92,4,1,0
BRDA:93,5,0,0
BRDA:93,5,1,0
BRDA:118,6,0,0
BRDA:118,6,1,0
BRDA:147,7,0,0
BRDA:147,7,1,0
BRDA:165,8,0,0
BRDA:165,8,1,0
BRDA:169,9,0,0
BRDA:169,9,1,0
BRDA:173,10,0,0
BRDA:173,10,1,0
BRDA:177,11,0,0
BRDA:177,11,1,0
BRDA:194,12,0,0
BRDA:194,12,1,0
BRF:26
BRH:0
end_of_record
TN:
SF:CustomLogic\data_api.js
FN:6,(anonymous_0)
FN:39,(anonymous_1)
FN:72,(anonymous_2)
FN:105,(anonymous_3)
FN:138,(anonymous_4)
FN:188,(anonymous_5)
FN:222,(anonymous_6)
FN:255,(anonymous_7)
FN:288,(anonymous_8)
FN:292,(anonymous_9)
FN:296,(anonymous_10)
FNF:11
FNH:0
FNDA:0,(anonymous_0)
FNDA:0,(anonymous_1)
FNDA:0,(anonymous_2)
FNDA:0,(anonymous_3)
FNDA:0,(anonymous_4)
FNDA:0,(anonymous_5)
FNDA:0,(anonymous_6)
FNDA:0,(anonymous_7)
FNDA:0,(anonymous_8)
FNDA:0,(anonymous_9)
FNDA:0,(anonymous_10)
DA:6,0
DA:7,0
DA:8,0
DA:9,0
DA:10,0
DA:11,0
DA:12,0
DA:13,0
DA:30,0
DA:31,0
DA:33,0
DA:34,0
DA:35,0
DA:39,0
DA:40,0
DA:41,0
DA:42,0
DA:43,0
DA:44,0
DA:45,0
DA:46,0
DA:63,0
DA:64,0
DA:66,0
DA:67,0
DA:68,0
DA:72,0
DA:73,0
DA:74,0
DA:75,0
DA:76,0
DA:77,0
DA:78,0
DA:79,0
DA:96,0
DA:97,0
DA:99,0
DA:100,0
DA:101,0
DA:105,0
DA:106,0
DA:107,0
DA:108,0
DA:109,0
DA:110,0
DA:111,0
DA:112,0
DA:129,0
DA:130,0
DA:132,0
DA:133,0
DA:134,0
DA:138,0
DA:146,0
DA:147,0
DA:148,0
DA:149,0
DA:150,0
DA:152,0
DA:153,0
DA:179,0
DA:180,0
DA:182,0
DA:183,0
DA:184,0
DA:188,0
DA:189,0
DA:190,0
DA:191,0
DA:192,0
DA:193,0
DA:195,0
DA:196,0
DA:213,0
DA:214,0
DA:216,0
DA:217,0
DA:218,0
DA:222,0
DA:223,0
DA:224,0
DA:225,0
DA:226,0
DA:227,0
DA:228,0
DA:229,0
DA:246,0
DA:247,0
DA:249,0
DA:250,0
DA:251,0
DA:255,0
DA:256,0
DA:257,0
DA:258,0
DA:259,0
DA:260,0
DA:261,0
DA:262,0
DA:279,0
DA:280,0
DA:282,0
DA:283,0
DA:284,0
DA:288,0
DA:289,0
DA:292,0
DA:293,0
DA:296,0
DA:297,0
LF:110
LH:0
BRF:0
BRH:0
end_of_record
TN:
SF:CustomLogic\globalSettings.js
FN:19,(anonymous_0)
FNF:1
FNH:0
FNDA:0,(anonymous_0)
DA:11,0
DA:12,0
DA:13,0
DA:14,0
DA:15,0
DA:16,0
DA:19,0
DA:20,0
DA:21,0
DA:23,0
DA:24,0
DA:31,0
DA:32,0
DA:33,0
DA:34,0
DA:35,0
DA:37,0
DA:38,0
DA:42,0
DA:44,0
DA:45,0
DA:48,0
LF:22
LH:0
BRDA:20,0,0,0
BRDA:20,0,1,0
BRDA:38,1,0,0
BRDA:38,1,1,0
BRF:4
BRH:0
end_of_record
TN:
SF:CustomLogic\messages.js
FN:8,(anonymous_0)
FNF:1
FNH:0
FNDA:0,(anonymous_0)
DA:2,0
DA:8,0
DA:9,0
DA:10,0
DA:11,0
DA:12,0
DA:13,0
DA:15,0
DA:18,0
DA:19,0
LF:10
LH:0
BRDA:12,0,0,0
BRDA:12,0,1,0
BRF:2
BRH:0
end_of_record
TN:
SF:CustomLogic\storage.js
FN:9,updateAppInfo
FN:22,getAppInfo
FN:36,(anonymous_2)
FN:47,(anonymous_3)
FN:58,(anonymous_4)
FNF:5
FNH:0
FNDA:0,updateAppInfo
FNDA:0,getAppInfo
FNDA:0,(anonymous_2)
FNDA:0,(anonymous_3)
FNDA:0,(anonymous_4)
DA:4,0
DA:10,0
DA:11,0
DA:12,0
DA:14,0
DA:16,0
DA:17,0
DA:24,0
DA:25,0
DA:26,0
DA:28,0
DA:29,0
DA:30,0
DA:31,0
DA:36,0
DA:37,0
DA:38,0
DA:39,0
DA:42,0
DA:43,0
DA:47,0
DA:48,0
DA:49,0
DA:50,0
DA:53,0
DA:54,0
DA:58,0
DA:59,0
LF:28
LH:0
BRDA:25,0,0,0
BRDA:25,0,1,0
BRDA:29,1,0,0
BRDA:29,1,1,0
BRF:4
BRH:0
end_of_record
TN:
SF:CustomLogic\storage.native.js
FN:9,save
FN:13,getValueFor
FN:18,updateAppInfo
FN:23,getAppInfo
FN:35,(anonymous_4)
FNF:5
FNH:0
FNDA:0,save
FNDA:0,getValueFor
FNDA:0,updateAppInfo
FNDA:0,getAppInfo
FNDA:0,(anonymous_4)
DA:7,0
DA:10,0
DA:14,0
DA:15,0
DA:19,0
DA:20,0
DA:25,0
DA:27,0
DA:28,0
DA:29,0
DA:31,0
DA:35,0
LF:12
LH:0
BRDA:27,0,0,0
BRDA:27,0,1,0
BRF:2
BRH:0
end_of_record
